{"D:\\мед\\react-medguide\\src\\api\\authApi.ts": {"path":"D:\\мед\\react-medguide\\src\\api\\authApi.ts","statementMap":{"0":{"start":{"line":40,"column":0},"end":{"line":40,"column":7}},"1":{"start":{"line":45,"column":0},"end":{"line":45,"column":7}},"2":{"start":{"line":51,"column":0},"end":{"line":51,"column":7}},"3":{"start":{"line":57,"column":0},"end":{"line":57,"column":7}},"4":{"start":{"line":63,"column":0},"end":{"line":63,"column":7}},"5":{"start":{"line":69,"column":0},"end":{"line":69,"column":7}},"6":{"start":{"line":78,"column":0},"end":{"line":78,"column":7}},"7":{"start":{"line":84,"column":0},"end":{"line":84,"column":7}},"8":{"start":{"line":2,"column":0},"end":{"line":2,"column":31}},"9":{"start":{"line":41,"column":14},"end":{"line":41,"column":56}},"10":{"start":{"line":42,"column":2},"end":{"line":42,"column":18}},"11":{"start":{"line":46,"column":14},"end":{"line":46,"column":65}},"12":{"start":{"line":47,"column":2},"end":{"line":47,"column":18}},"13":{"start":{"line":52,"column":14},"end":{"line":52,"column":44}},"14":{"start":{"line":53,"column":2},"end":{"line":53,"column":33}},"15":{"start":{"line":58,"column":14},"end":{"line":58,"column":59}},"16":{"start":{"line":59,"column":2},"end":{"line":59,"column":33}},"17":{"start":{"line":64,"column":14},"end":{"line":64,"column":59}},"18":{"start":{"line":65,"column":2},"end":{"line":65,"column":38}},"19":{"start":{"line":70,"column":14},"end":{"line":73,"column":4}},"20":{"start":{"line":74,"column":2},"end":{"line":74,"column":36}},"21":{"start":{"line":79,"column":14},"end":{"line":79,"column":64}},"22":{"start":{"line":80,"column":2},"end":{"line":80,"column":18}},"23":{"start":{"line":85,"column":14},"end":{"line":89,"column":4}},"24":{"start":{"line":90,"column":2},"end":{"line":90,"column":18}}},"fnMap":{"0":{"name":"registerUser","decl":{"start":{"line":40,"column":22},"end":{"line":40,"column":34}},"loc":{"start":{"line":40,"column":59},"end":{"line":43,"column":1}}},"1":{"name":"loginUser","decl":{"start":{"line":45,"column":22},"end":{"line":45,"column":31}},"loc":{"start":{"line":45,"column":63},"end":{"line":48,"column":1}}},"2":{"name":"getProfile","decl":{"start":{"line":51,"column":22},"end":{"line":51,"column":32}},"loc":{"start":{"line":51,"column":32},"end":{"line":54,"column":1}}},"3":{"name":"updateProfile","decl":{"start":{"line":57,"column":22},"end":{"line":57,"column":35}},"loc":{"start":{"line":57,"column":62},"end":{"line":60,"column":1}}},"4":{"name":"getIssuedMedicines","decl":{"start":{"line":63,"column":22},"end":{"line":63,"column":40}},"loc":{"start":{"line":63,"column":40},"end":{"line":66,"column":1}}},"5":{"name":"addIssuedMedicine","decl":{"start":{"line":69,"column":22},"end":{"line":69,"column":39}},"loc":{"start":{"line":69,"column":76},"end":{"line":75,"column":1}}},"6":{"name":"requestPasswordReset","decl":{"start":{"line":78,"column":22},"end":{"line":78,"column":42}},"loc":{"start":{"line":78,"column":56},"end":{"line":81,"column":1}}},"7":{"name":"confirmPasswordReset","decl":{"start":{"line":84,"column":22},"end":{"line":84,"column":42}},"loc":{"start":{"line":84,"column":87},"end":{"line":91,"column":1}}}},"branchMap":{},"s":{"0":0,"1":0,"2":0,"3":0,"4":0,"5":0,"6":0,"7":0,"8":0,"9":0,"10":0,"11":0,"12":0,"13":0,"14":0,"15":0,"16":0,"17":0,"18":0,"19":0,"20":0,"21":0,"22":0,"23":0,"24":0},"f":{"0":0,"1":0,"2":0,"3":0,"4":0,"5":0,"6":0,"7":0},"b":{}}
,"D:\\мед\\react-medguide\\src\\api\\client.tsx": {"path":"D:\\мед\\react-medguide\\src\\api\\client.tsx","statementMap":{"0":{"start":{"line":2,"column":0},"end":{"line":2,"column":26}},"1":{"start":{"line":3,"column":0},"end":{"line":3,"column":40}},"2":{"start":{"line":4,"column":0},"end":{"line":4,"column":44}},"3":{"start":{"line":5,"column":0},"end":{"line":5,"column":56}},"4":{"start":{"line":16,"column":19},"end":{"line":43,"column":1}},"5":{"start":{"line":18,"column":2},"end":{"line":23,"column":3}},"6":{"start":{"line":19,"column":4},"end":{"line":21,"column":7}},"7":{"start":{"line":22,"column":4},"end":{"line":22,"column":43}},"8":{"start":{"line":26,"column":2},"end":{"line":39,"column":3}},"9":{"start":{"line":29,"column":20},"end":{"line":29,"column":34}},"10":{"start":{"line":30,"column":4},"end":{"line":38,"column":5}},"11":{"start":{"line":32,"column":6},"end":{"line":32,"column":43}},"12":{"start":{"line":34,"column":11},"end":{"line":38,"column":5}},"13":{"start":{"line":35,"column":6},"end":{"line":35,"column":43}},"14":{"start":{"line":37,"column":6},"end":{"line":37,"column":43}},"15":{"start":{"line":42,"column":2},"end":{"line":42,"column":37}},"16":{"start":{"line":45,"column":19},"end":{"line":45,"column":31}},"17":{"start":{"line":47,"column":0},"end":{"line":51,"column":3}},"18":{"start":{"line":53,"column":13},"end":{"line":59,"column":3}},"19":{"start":{"line":62,"column":0},"end":{"line":87,"column":2}},"20":{"start":{"line":66,"column":18},"end":{"line":66,"column":47}},"21":{"start":{"line":67,"column":4},"end":{"line":72,"column":5}},"22":{"start":{"line":68,"column":6},"end":{"line":68,"column":54}},"23":{"start":{"line":69,"column":6},"end":{"line":71,"column":9}},"24":{"start":{"line":74,"column":4},"end":{"line":78,"column":7}},"25":{"start":{"line":79,"column":4},"end":{"line":79,"column":18}},"26":{"start":{"line":82,"column":4},"end":{"line":84,"column":7}},"27":{"start":{"line":85,"column":4},"end":{"line":85,"column":33}},"28":{"start":{"line":90,"column":0},"end":{"line":106,"column":2}},"29":{"start":{"line":92,"column":4},"end":{"line":95,"column":7}},"30":{"start":{"line":96,"column":4},"end":{"line":96,"column":20}},"31":{"start":{"line":99,"column":4},"end":{"line":103,"column":7}},"32":{"start":{"line":104,"column":4},"end":{"line":104,"column":33}}},"fnMap":{"0":{"name":"(anonymous_1)","decl":{"start":{"line":16,"column":19},"end":{"line":16,"column":30}},"loc":{"start":{"line":16,"column":32},"end":{"line":43,"column":1}}},"1":{"name":"(anonymous_2)","decl":{"start":{"line":63,"column":2},"end":{"line":63,"column":7}},"loc":{"start":{"line":63,"column":19},"end":{"line":80,"column":3}}},"2":{"name":"(anonymous_3)","decl":{"start":{"line":81,"column":2},"end":{"line":81,"column":3}},"loc":{"start":{"line":81,"column":12},"end":{"line":86,"column":3}}},"3":{"name":"(anonymous_4)","decl":{"start":{"line":91,"column":2},"end":{"line":91,"column":3}},"loc":{"start":{"line":91,"column":15},"end":{"line":97,"column":3}}},"4":{"name":"(anonymous_5)","decl":{"start":{"line":98,"column":2},"end":{"line":98,"column":3}},"loc":{"start":{"line":98,"column":12},"end":{"line":105,"column":3}}}},"branchMap":{"0":{"loc":{"start":{"line":18,"column":2},"end":{"line":23,"column":3}},"type":"if","locations":[{"start":{"line":18,"column":2},"end":{"line":23,"column":3}}]},"1":{"loc":{"start":{"line":26,"column":2},"end":{"line":39,"column":3}},"type":"if","locations":[{"start":{"line":26,"column":2},"end":{"line":39,"column":3}}]},"2":{"loc":{"start":{"line":30,"column":4},"end":{"line":38,"column":5}},"type":"if","locations":[{"start":{"line":30,"column":4},"end":{"line":38,"column":5}},{"start":{"line":34,"column":11},"end":{"line":38,"column":5}}]},"3":{"loc":{"start":{"line":34,"column":11},"end":{"line":38,"column":5}},"type":"if","locations":[{"start":{"line":34,"column":11},"end":{"line":38,"column":5}},{"start":{"line":36,"column":11},"end":{"line":38,"column":5}}]},"4":{"loc":{"start":{"line":50,"column":15},"end":{"line":50,"column":53}},"type":"cond-expr","locations":[{"start":{"line":50,"column":25},"end":{"line":50,"column":38}},{"start":{"line":50,"column":41},"end":{"line":50,"column":53}}]},"5":{"loc":{"start":{"line":67,"column":4},"end":{"line":72,"column":5}},"type":"if","locations":[{"start":{"line":67,"column":4},"end":{"line":72,"column":5}}]},"6":{"loc":{"start":{"line":83,"column":13},"end":{"line":83,"column":67}},"type":"cond-expr","locations":[{"start":{"line":83,"column":38},"end":{"line":83,"column":51}},{"start":{"line":83,"column":54},"end":{"line":83,"column":67}}]}},"s":{"0":0,"1":0,"2":0,"3":0,"4":0,"5":0,"6":0,"7":0,"8":0,"9":0,"10":0,"11":0,"12":0,"13":0,"14":0,"15":0,"16":0,"17":0,"18":0,"19":0,"20":0,"21":0,"22":0,"23":0,"24":0,"25":0,"26":0,"27":0,"28":0,"29":0,"30":0,"31":0,"32":0},"f":{"0":0,"1":0,"2":0,"3":0,"4":0},"b":{"0":[0],"1":[0],"2":[0,0],"3":[0,0],"4":[0,0],"5":[0],"6":[0,0]}}
,"D:\\мед\\react-medguide\\src\\api\\config.ts": {"path":"D:\\мед\\react-medguide\\src\\api\\config.ts","statementMap":{"0":{"start":{"line":1,"column":21},"end":{"line":1,"column":44}},"1":{"start":{"line":3,"column":0},"end":{"line":3,"column":null}}},"fnMap":{},"branchMap":{},"s":{"0":0,"1":0},"f":{},"b":{}}
,"D:\\мед\\react-medguide\\src\\api\\instructionsApi.ts": {"path":"D:\\мед\\react-medguide\\src\\api\\instructionsApi.ts","statementMap":{"0":{"start":{"line":13,"column":0},"end":{"line":13,"column":7}},"1":{"start":{"line":48,"column":0},"end":{"line":48,"column":7}},"2":{"start":{"line":2,"column":0},"end":{"line":2,"column":36}},"3":{"start":{"line":3,"column":0},"end":{"line":3,"column":44}},"4":{"start":{"line":4,"column":0},"end":{"line":4,"column":49}},"5":{"start":{"line":14,"column":2},"end":{"line":45,"column":3}},"6":{"start":{"line":16,"column":19},"end":{"line":16,"column":70}},"7":{"start":{"line":17,"column":4},"end":{"line":19,"column":5}},"8":{"start":{"line":18,"column":6},"end":{"line":18,"column":20}},"9":{"start":{"line":21,"column":4},"end":{"line":21,"column":49}},"10":{"start":{"line":22,"column":16},"end":{"line":22,"column":64}},"11":{"start":{"line":24,"column":4},"end":{"line":31,"column":5}},"12":{"start":{"line":25,"column":20},"end":{"line":25,"column":75}},"13":{"start":{"line":26,"column":6},"end":{"line":29,"column":9}},"14":{"start":{"line":30,"column":6},"end":{"line":30,"column":18}},"15":{"start":{"line":33,"column":18},"end":{"line":33,"column":34}},"16":{"start":{"line":36,"column":4},"end":{"line":36,"column":63}},"17":{"start":{"line":38,"column":4},"end":{"line":38,"column":78}},"18":{"start":{"line":39,"column":4},"end":{"line":39,"column":16}},"19":{"start":{"line":41,"column":4},"end":{"line":43,"column":7}},"20":{"start":{"line":44,"column":4},"end":{"line":44,"column":16}},"21":{"start":{"line":49,"column":2},"end":{"line":83,"column":3}},"22":{"start":{"line":51,"column":21},"end":{"line":51,"column":40}},"23":{"start":{"line":52,"column":19},"end":{"line":52,"column":57}},"24":{"start":{"line":53,"column":4},"end":{"line":55,"column":5}},"25":{"start":{"line":54,"column":6},"end":{"line":54,"column":20}},"26":{"start":{"line":57,"column":4},"end":{"line":57,"column":58}},"27":{"start":{"line":58,"column":16},"end":{"line":58,"column":70}},"28":{"start":{"line":60,"column":4},"end":{"line":68,"column":5}},"29":{"start":{"line":61,"column":20},"end":{"line":61,"column":74}},"30":{"start":{"line":62,"column":6},"end":{"line":66,"column":9}},"31":{"start":{"line":67,"column":6},"end":{"line":67,"column":18}},"32":{"start":{"line":70,"column":18},"end":{"line":70,"column":34}},"33":{"start":{"line":73,"column":4},"end":{"line":73,"column":52}},"34":{"start":{"line":75,"column":4},"end":{"line":75,"column":68}},"35":{"start":{"line":76,"column":4},"end":{"line":76,"column":16}},"36":{"start":{"line":78,"column":4},"end":{"line":81,"column":7}},"37":{"start":{"line":82,"column":4},"end":{"line":82,"column":16}}},"fnMap":{"0":{"name":"fetchInstructions","decl":{"start":{"line":13,"column":22},"end":{"line":13,"column":39}},"loc":{"start":{"line":13,"column":39},"end":{"line":46,"column":1}}},"1":{"name":"fetchInstructionById","decl":{"start":{"line":48,"column":22},"end":{"line":48,"column":42}},"loc":{"start":{"line":48,"column":53},"end":{"line":84,"column":1}}}},"branchMap":{"0":{"loc":{"start":{"line":17,"column":4},"end":{"line":19,"column":5}},"type":"if","locations":[{"start":{"line":17,"column":4},"end":{"line":19,"column":5}}]},"1":{"loc":{"start":{"line":24,"column":4},"end":{"line":31,"column":5}},"type":"if","locations":[{"start":{"line":24,"column":4},"end":{"line":31,"column":5}}]},"2":{"loc":{"start":{"line":42,"column":13},"end":{"line":42,"column":67}},"type":"cond-expr","locations":[{"start":{"line":42,"column":38},"end":{"line":42,"column":51}},{"start":{"line":42,"column":54},"end":{"line":42,"column":67}}]},"3":{"loc":{"start":{"line":53,"column":4},"end":{"line":55,"column":5}},"type":"if","locations":[{"start":{"line":53,"column":4},"end":{"line":55,"column":5}}]},"4":{"loc":{"start":{"line":60,"column":4},"end":{"line":68,"column":5}},"type":"if","locations":[{"start":{"line":60,"column":4},"end":{"line":68,"column":5}}]},"5":{"loc":{"start":{"line":80,"column":13},"end":{"line":80,"column":67}},"type":"cond-expr","locations":[{"start":{"line":80,"column":38},"end":{"line":80,"column":51}},{"start":{"line":80,"column":54},"end":{"line":80,"column":67}}]}},"s":{"0":0,"1":0,"2":0,"3":0,"4":0,"5":0,"6":0,"7":0,"8":0,"9":0,"10":0,"11":0,"12":0,"13":0,"14":0,"15":0,"16":0,"17":0,"18":0,"19":0,"20":0,"21":0,"22":0,"23":0,"24":0,"25":0,"26":0,"27":0,"28":0,"29":0,"30":0,"31":0,"32":0,"33":0,"34":0,"35":0,"36":0,"37":0},"f":{"0":0,"1":0},"b":{"0":[0],"1":[0],"2":[0,0],"3":[0],"4":[0],"5":[0,0]}}
,"D:\\мед\\react-medguide\\src\\api\\medicinesApi.ts": {"path":"D:\\мед\\react-medguide\\src\\api\\medicinesApi.ts","statementMap":{"0":{"start":{"line":1,"column":0},"end":{"line":1,"column":31}},"1":{"start":{"line":3,"column":13},"end":{"line":20,"column":2}},"2":{"start":{"line":5,"column":16},"end":{"line":5,"column":38}},"3":{"start":{"line":8,"column":27},"end":{"line":8,"column":55}},"4":{"start":{"line":12,"column":4},"end":{"line":12,"column":59}},"5":{"start":{"line":16,"column":4},"end":{"line":16,"column":62}},"6":{"start":{"line":19,"column":27},"end":{"line":19,"column":75}}},"fnMap":{"0":{"name":"(anonymous_0)","decl":{"start":{"line":5,"column":10},"end":{"line":5,"column":13}},"loc":{"start":{"line":5,"column":16},"end":{"line":5,"column":38}}},"1":{"name":"(anonymous_1)","decl":{"start":{"line":8,"column":11},"end":{"line":8,"column":12}},"loc":{"start":{"line":8,"column":27},"end":{"line":8,"column":55}}},"2":{"name":"(anonymous_2)","decl":{"start":{"line":11,"column":10},"end":{"line":11,"column":11}},"loc":{"start":{"line":12,"column":4},"end":{"line":12,"column":59}}},"3":{"name":"(anonymous_3)","decl":{"start":{"line":15,"column":16},"end":{"line":15,"column":17}},"loc":{"start":{"line":16,"column":4},"end":{"line":16,"column":62}}},"4":{"name":"(anonymous_4)","decl":{"start":{"line":19,"column":11},"end":{"line":19,"column":12}},"loc":{"start":{"line":19,"column":27},"end":{"line":19,"column":75}}}},"branchMap":{},"s":{"0":0,"1":0,"2":0,"3":0,"4":0,"5":0,"6":0},"f":{"0":0,"1":0,"2":0,"3":0,"4":0},"b":{}}
,"D:\\мед\\react-medguide\\src\\config\\apiConfig.ts": {"path":"D:\\мед\\react-medguide\\src\\config\\apiConfig.ts","statementMap":{"0":{"start":{"line":4,"column":13},"end":{"line":5,"column":70}},"1":{"start":{"line":8,"column":13},"end":{"line":8,"column":57}},"2":{"start":{"line":11,"column":13},"end":{"line":11,"column":59}},"3":{"start":{"line":14,"column":13},"end":{"line":14,"column":33}},"4":{"start":{"line":17,"column":13},"end":{"line":24,"column":2}}},"fnMap":{},"branchMap":{"0":{"loc":{"start":{"line":5,"column":2},"end":{"line":5,"column":69}},"type":"binary-expr","locations":[{"start":{"line":5,"column":2},"end":{"line":5,"column":33}},{"start":{"line":5,"column":37},"end":{"line":5,"column":69}}]}},"s":{"0":0,"1":0,"2":0,"3":0,"4":0},"f":{},"b":{"0":[0,0]}}
,"D:\\мед\\react-medguide\\src\\db\\database.ts": {"path":"D:\\мед\\react-medguide\\src\\db\\database.ts","statementMap":{"0":{"start":{"line":10,"column":0},"end":{"line":10,"column":16}},"1":{"start":{"line":24,"column":0},"end":{"line":24,"column":16}},"2":{"start":{"line":32,"column":0},"end":{"line":32,"column":7}},"3":{"start":{"line":58,"column":0},"end":{"line":58,"column":7}},"4":{"start":{"line":77,"column":0},"end":{"line":77,"column":7}},"5":{"start":{"line":2,"column":0},"end":{"line":2,"column":38}},"6":{"start":{"line":5,"column":23},"end":{"line":5,"column":29}},"7":{"start":{"line":7,"column":14},"end":{"line":7,"column":18}},"8":{"start":{"line":11,"column":2},"end":{"line":19,"column":3}},"9":{"start":{"line":12,"column":4},"end":{"line":15,"column":5}},"10":{"start":{"line":14,"column":6},"end":{"line":14,"column":72}},"11":{"start":{"line":18,"column":4},"end":{"line":18,"column":51}},"12":{"start":{"line":20,"column":2},"end":{"line":20,"column":12}},"13":{"start":{"line":25,"column":2},"end":{"line":25,"column":12}},"14":{"start":{"line":36,"column":19},"end":{"line":36,"column":26}},"15":{"start":{"line":37,"column":21},"end":{"line":37,"column":29}},"16":{"start":{"line":39,"column":2},"end":{"line":43,"column":3}},"17":{"start":{"line":41,"column":4},"end":{"line":41,"column":38}},"18":{"start":{"line":42,"column":4},"end":{"line":42,"column":11}},"19":{"start":{"line":45,"column":2},"end":{"line":49,"column":3}},"20":{"start":{"line":47,"column":4},"end":{"line":47,"column":51}},"21":{"start":{"line":48,"column":4},"end":{"line":48,"column":11}},"22":{"start":{"line":51,"column":2},"end":{"line":51,"column":82}},"23":{"start":{"line":62,"column":19},"end":{"line":62,"column":26}},"24":{"start":{"line":63,"column":21},"end":{"line":63,"column":29}},"25":{"start":{"line":65,"column":2},"end":{"line":69,"column":3}},"26":{"start":{"line":66,"column":17},"end":{"line":66,"column":53}},"27":{"start":{"line":68,"column":4},"end":{"line":68,"column":23}},"28":{"start":{"line":71,"column":2},"end":{"line":71,"column":63}},"29":{"start":{"line":78,"column":2},"end":{"line":87,"column":5}}},"fnMap":{"0":{"name":"getDb","decl":{"start":{"line":10,"column":16},"end":{"line":10,"column":21}},"loc":{"start":{"line":10,"column":21},"end":{"line":21,"column":1}}},"1":{"name":"resetDbCache","decl":{"start":{"line":24,"column":16},"end":{"line":24,"column":28}},"loc":{"start":{"line":24,"column":28},"end":{"line":26,"column":1}}},"2":{"name":"executeRun","decl":{"start":{"line":32,"column":22},"end":{"line":32,"column":32}},"loc":{"start":{"line":34,"column":20},"end":{"line":52,"column":1}}},"3":{"name":"executeSelect","decl":{"start":{"line":58,"column":22},"end":{"line":58,"column":35}},"loc":{"start":{"line":60,"column":20},"end":{"line":72,"column":1}}},"4":{"name":"initDb","decl":{"start":{"line":77,"column":22},"end":{"line":77,"column":28}},"loc":{"start":{"line":77,"column":28},"end":{"line":88,"column":1}}}},"branchMap":{"0":{"loc":{"start":{"line":11,"column":2},"end":{"line":19,"column":3}},"type":"if","locations":[{"start":{"line":11,"column":2},"end":{"line":19,"column":3}}]},"1":{"loc":{"start":{"line":12,"column":4},"end":{"line":15,"column":5}},"type":"if","locations":[{"start":{"line":12,"column":4},"end":{"line":15,"column":5}}]},"2":{"loc":{"start":{"line":34,"column":2},"end":{"line":34,"column":20}},"type":"default-arg","locations":[{"start":{"line":34,"column":18},"end":{"line":34,"column":20}}]},"3":{"loc":{"start":{"line":39,"column":2},"end":{"line":43,"column":3}},"type":"if","locations":[{"start":{"line":39,"column":2},"end":{"line":43,"column":3}}]},"4":{"loc":{"start":{"line":45,"column":2},"end":{"line":49,"column":3}},"type":"if","locations":[{"start":{"line":45,"column":2},"end":{"line":49,"column":3}}]},"5":{"loc":{"start":{"line":60,"column":2},"end":{"line":60,"column":20}},"type":"default-arg","locations":[{"start":{"line":60,"column":18},"end":{"line":60,"column":20}}]},"6":{"loc":{"start":{"line":65,"column":2},"end":{"line":69,"column":3}},"type":"if","locations":[{"start":{"line":65,"column":2},"end":{"line":69,"column":3}}]}},"s":{"0":4,"1":4,"2":4,"3":4,"4":4,"5":4,"6":4,"7":4,"8":10,"9":9,"10":0,"11":9,"12":10,"13":12,"14":4,"15":4,"16":4,"17":2,"18":2,"19":2,"20":1,"21":1,"22":1,"23":3,"24":3,"25":3,"26":2,"27":2,"28":1,"29":1},"f":{"0":10,"1":12,"2":4,"3":3,"4":1},"b":{"0":[9],"1":[0],"2":[1],"3":[2],"4":[1],"5":[2],"6":[2]}}
,"D:\\мед\\react-medguide\\src\\db\\medicines.ts": {"path":"D:\\мед\\react-medguide\\src\\db\\medicines.ts","statementMap":{"0":{"start":{"line":3,"column":23},"end":{"line":3,"column":28}},"1":{"start":{"line":5,"column":20},"end":{"line":5,"column":26}},"2":{"start":{"line":24,"column":37},"end":{"line":454,"column":2}},"3":{"start":{"line":456,"column":14},"end":{"line":456,"column":63}},"4":{"start":{"line":456,"column":33},"end":{"line":456,"column":63}},"5":{"start":{"line":458,"column":21},"end":{"line":458,"column":72}},"6":{"start":{"line":458,"column":37},"end":{"line":458,"column":72}},"7":{"start":{"line":460,"column":23},"end":{"line":460,"column":70}},"8":{"start":{"line":460,"column":44},"end":{"line":460,"column":70}},"9":{"start":{"line":462,"column":13},"end":{"line":469,"column":3}},"10":{"start":{"line":463,"column":18},"end":{"line":463,"column":39}},"11":{"start":{"line":464,"column":2},"end":{"line":468,"column":4}},"12":{"start":{"line":471,"column":18},"end":{"line":471,"column":63}},"13":{"start":{"line":471,"column":37},"end":{"line":471,"column":63}},"14":{"start":{"line":473,"column":36},"end":{"line":476,"column":1}},"15":{"start":{"line":474,"column":21},"end":{"line":474,"column":36}},"16":{"start":{"line":475,"column":2},"end":{"line":475,"column":75}},"17":{"start":{"line":475,"column":33},"end":{"line":475,"column":73}},"18":{"start":{"line":473,"column":13},"end":{"line":473,"column":36}},"19":{"start":{"line":478,"column":36},"end":{"line":494,"column":1}},"20":{"start":{"line":479,"column":21},"end":{"line":479,"column":36}},"21":{"start":{"line":481,"column":20},"end":{"line":482,"column":null}},"22":{"start":{"line":482,"column":13},"end":{"line":482,"column":53}},"23":{"start":{"line":484,"column":2},"end":{"line":486,"column":3}},"24":{"start":{"line":485,"column":4},"end":{"line":485,"column":21}},"25":{"start":{"line":488,"column":13},"end":{"line":488,"column":31}},"26":{"start":{"line":489,"column":2},"end":{"line":491,"column":3}},"27":{"start":{"line":490,"column":4},"end":{"line":490,"column":50}},"28":{"start":{"line":490,"column":35},"end":{"line":490,"column":48}},"29":{"start":{"line":493,"column":2},"end":{"line":493,"column":19}},"30":{"start":{"line":478,"column":13},"end":{"line":478,"column":36}}},"fnMap":{"0":{"name":"(anonymous_0)","decl":{"start":{"line":456,"column":14},"end":{"line":456,"column":15}},"loc":{"start":{"line":456,"column":33},"end":{"line":456,"column":63}}},"1":{"name":"(anonymous_1)","decl":{"start":{"line":458,"column":21},"end":{"line":458,"column":22}},"loc":{"start":{"line":458,"column":37},"end":{"line":458,"column":72}}},"2":{"name":"(anonymous_2)","decl":{"start":{"line":460,"column":23},"end":{"line":460,"column":24}},"loc":{"start":{"line":460,"column":44},"end":{"line":460,"column":70}}},"3":{"name":"(anonymous_3)","decl":{"start":{"line":462,"column":54},"end":{"line":462,"column":55}},"loc":{"start":{"line":462,"column":63},"end":{"line":469,"column":1}}},"4":{"name":"(anonymous_4)","decl":{"start":{"line":471,"column":18},"end":{"line":471,"column":19}},"loc":{"start":{"line":471,"column":37},"end":{"line":471,"column":63}}},"5":{"name":"(anonymous_5)","decl":{"start":{"line":473,"column":36},"end":{"line":473,"column":37}},"loc":{"start":{"line":473,"column":53},"end":{"line":476,"column":1}}},"6":{"name":"(anonymous_6)","decl":{"start":{"line":475,"column":24},"end":{"line":475,"column":25}},"loc":{"start":{"line":475,"column":33},"end":{"line":475,"column":73}}},"7":{"name":"(anonymous_7)","decl":{"start":{"line":478,"column":36},"end":{"line":478,"column":37}},"loc":{"start":{"line":478,"column":53},"end":{"line":494,"column":1}}},"8":{"name":"(anonymous_8)","decl":{"start":{"line":482,"column":4},"end":{"line":482,"column":5}},"loc":{"start":{"line":482,"column":13},"end":{"line":482,"column":53}}},"9":{"name":"(anonymous_9)","decl":{"start":{"line":490,"column":26},"end":{"line":490,"column":27}},"loc":{"start":{"line":490,"column":35},"end":{"line":490,"column":48}}}},"branchMap":{"0":{"loc":{"start":{"line":484,"column":2},"end":{"line":486,"column":3}},"type":"if","locations":[{"start":{"line":484,"column":2},"end":{"line":486,"column":3}}]},"1":{"loc":{"start":{"line":489,"column":2},"end":{"line":491,"column":3}},"type":"if","locations":[{"start":{"line":489,"column":2},"end":{"line":491,"column":3}}]}},"s":{"0":2,"1":2,"2":2,"3":2,"4":78,"5":2,"6":78,"7":2,"8":78,"9":2,"10":78,"11":78,"12":2,"13":21,"14":2,"15":14,"16":14,"17":133,"18":2,"19":2,"20":7,"21":7,"22":197,"23":7,"24":2,"25":5,"26":5,"27":3,"28":3,"29":2,"30":2},"f":{"0":78,"1":78,"2":78,"3":78,"4":21,"5":14,"6":133,"7":7,"8":197,"9":3},"b":{"0":[2],"1":[3]}}
,"D:\\мед\\react-medguide\\src\\hooks\\useInstructions.ts": {"path":"D:\\мед\\react-medguide\\src\\hooks\\useInstructions.ts","statementMap":{"0":{"start":{"line":8,"column":0},"end":{"line":8,"column":16}},"1":{"start":{"line":5,"column":0},"end":{"line":5,"column":43}},"2":{"start":{"line":6,"column":0},"end":{"line":6,"column":71}},"3":{"start":{"line":9,"column":44},"end":{"line":9,"column":71}},"4":{"start":{"line":10,"column":38},"end":{"line":10,"column":62}},"5":{"start":{"line":11,"column":30},"end":{"line":11,"column":59}},"6":{"start":{"line":13,"column":4},"end":{"line":42,"column":null}},"7":{"start":{"line":14,"column":24},"end":{"line":14,"column":28}},"8":{"start":{"line":16,"column":21},"end":{"line":35,"column":9}},"9":{"start":{"line":17,"column":12},"end":{"line":17,"column":null}},"10":{"start":{"line":18,"column":12},"end":{"line":18,"column":null}},"11":{"start":{"line":20,"column":12},"end":{"line":34,"column":13}},"12":{"start":{"line":21,"column":29},"end":{"line":21,"column":54}},"13":{"start":{"line":23,"column":16},"end":{"line":25,"column":17}},"14":{"start":{"line":24,"column":20},"end":{"line":24,"column":null}},"15":{"start":{"line":27,"column":16},"end":{"line":29,"column":17}},"16":{"start":{"line":28,"column":20},"end":{"line":28,"column":null}},"17":{"start":{"line":31,"column":16},"end":{"line":33,"column":17}},"18":{"start":{"line":32,"column":20},"end":{"line":32,"column":null}},"19":{"start":{"line":37,"column":8},"end":{"line":37,"column":null}},"20":{"start":{"line":39,"column":8},"end":{"line":41,"column":null}},"21":{"start":{"line":40,"column":12},"end":{"line":40,"column":null}},"22":{"start":{"line":44,"column":4},"end":{"line":48,"column":null}}},"fnMap":{"0":{"name":"useInstructions","decl":{"start":{"line":8,"column":16},"end":{"line":8,"column":31}},"loc":{"start":{"line":8,"column":31},"end":{"line":49,"column":1}}},"1":{"name":"(anonymous_1)","decl":{"start":{"line":13,"column":14},"end":{"line":13,"column":17}},"loc":{"start":{"line":13,"column":19},"end":{"line":42,"column":5}}},"2":{"name":"(anonymous_2)","decl":{"start":{"line":16,"column":21},"end":{"line":16,"column":26}},"loc":{"start":{"line":16,"column":32},"end":{"line":35,"column":9}}},"3":{"name":"(anonymous_3)","decl":{"start":{"line":39,"column":15},"end":{"line":39,"column":18}},"loc":{"start":{"line":39,"column":20},"end":{"line":41,"column":9}}}},"branchMap":{"0":{"loc":{"start":{"line":23,"column":16},"end":{"line":25,"column":17}},"type":"if","locations":[{"start":{"line":23,"column":16},"end":{"line":25,"column":17}}]},"1":{"loc":{"start":{"line":27,"column":16},"end":{"line":29,"column":17}},"type":"if","locations":[{"start":{"line":27,"column":16},"end":{"line":29,"column":17}}]},"2":{"loc":{"start":{"line":31,"column":16},"end":{"line":33,"column":17}},"type":"if","locations":[{"start":{"line":31,"column":16},"end":{"line":33,"column":17}}]}},"s":{"0":0,"1":0,"2":0,"3":0,"4":0,"5":0,"6":0,"7":0,"8":0,"9":0,"10":0,"11":0,"12":0,"13":0,"14":0,"15":0,"16":0,"17":0,"18":0,"19":0,"20":0,"21":0,"22":0},"f":{"0":0,"1":0,"2":0,"3":0},"b":{"0":[0],"1":[0],"2":[0]}}
,"D:\\мед\\react-medguide\\src\\hooks\\useIssuedMedicines.ts": {"path":"D:\\мед\\react-medguide\\src\\hooks\\useIssuedMedicines.ts","statementMap":{"0":{"start":{"line":1,"column":0},"end":{"line":1,"column":44}},"1":{"start":{"line":2,"column":0},"end":{"line":2,"column":null}},"2":{"start":{"line":7,"column":0},"end":{"line":7,"column":44}},"3":{"start":{"line":9,"column":34},"end":{"line":59,"column":1}},"4":{"start":{"line":10,"column":36},"end":{"line":10,"column":66}},"5":{"start":{"line":11,"column":32},"end":{"line":11,"column":47}},"6":{"start":{"line":12,"column":28},"end":{"line":12,"column":57}},"7":{"start":{"line":14,"column":31},"end":{"line":28,"column":3}},"8":{"start":{"line":15,"column":4},"end":{"line":27,"column":5}},"9":{"start":{"line":16,"column":6},"end":{"line":16,"column":23}},"10":{"start":{"line":17,"column":6},"end":{"line":17,"column":21}},"11":{"start":{"line":18,"column":19},"end":{"line":18,"column":45}},"12":{"start":{"line":19,"column":6},"end":{"line":19,"column":25}},"13":{"start":{"line":22,"column":8},"end":{"line":22,"column":70}},"14":{"start":{"line":23,"column":6},"end":{"line":23,"column":24}},"15":{"start":{"line":24,"column":6},"end":{"line":24,"column":75}},"16":{"start":{"line":26,"column":6},"end":{"line":26,"column":24}},"17":{"start":{"line":30,"column":22},"end":{"line":46,"column":3}},"18":{"start":{"line":31,"column":4},"end":{"line":45,"column":5}},"19":{"start":{"line":32,"column":6},"end":{"line":32,"column":23}},"20":{"start":{"line":33,"column":6},"end":{"line":33,"column":21}},"21":{"start":{"line":34,"column":24},"end":{"line":34,"column":69}},"22":{"start":{"line":35,"column":6},"end":{"line":35,"column":46}},"23":{"start":{"line":36,"column":6},"end":{"line":36,"column":23}},"24":{"start":{"line":39,"column":8},"end":{"line":39,"column":74}},"25":{"start":{"line":40,"column":6},"end":{"line":40,"column":24}},"26":{"start":{"line":41,"column":6},"end":{"line":41,"column":72}},"27":{"start":{"line":42,"column":6},"end":{"line":42,"column":18}},"28":{"start":{"line":44,"column":6},"end":{"line":44,"column":24}},"29":{"start":{"line":48,"column":2},"end":{"line":50,"column":9}},"30":{"start":{"line":49,"column":4},"end":{"line":49,"column":27}},"31":{"start":{"line":52,"column":2},"end":{"line":58,"column":4}},"32":{"start":{"line":9,"column":13},"end":{"line":9,"column":34}}},"fnMap":{"0":{"name":"(anonymous_0)","decl":{"start":{"line":9,"column":34},"end":{"line":9,"column":37}},"loc":{"start":{"line":9,"column":39},"end":{"line":59,"column":1}}},"1":{"name":"(anonymous_1)","decl":{"start":{"line":14,"column":31},"end":{"line":14,"column":36}},"loc":{"start":{"line":14,"column":42},"end":{"line":28,"column":3}}},"2":{"name":"(anonymous_2)","decl":{"start":{"line":30,"column":22},"end":{"line":30,"column":27}},"loc":{"start":{"line":30,"column":69},"end":{"line":46,"column":3}}},"3":{"name":"(anonymous_3)","decl":{"start":{"line":48,"column":12},"end":{"line":48,"column":15}},"loc":{"start":{"line":48,"column":17},"end":{"line":50,"column":3}}}},"branchMap":{"0":{"loc":{"start":{"line":22,"column":8},"end":{"line":22,"column":70}},"type":"cond-expr","locations":[{"start":{"line":22,"column":31},"end":{"line":22,"column":42}},{"start":{"line":22,"column":45},"end":{"line":22,"column":70}}]},"1":{"loc":{"start":{"line":39,"column":8},"end":{"line":39,"column":74}},"type":"cond-expr","locations":[{"start":{"line":39,"column":31},"end":{"line":39,"column":42}},{"start":{"line":39,"column":45},"end":{"line":39,"column":74}}]}},"s":{"0":0,"1":0,"2":0,"3":0,"4":0,"5":0,"6":0,"7":0,"8":0,"9":0,"10":0,"11":0,"12":0,"13":0,"14":0,"15":0,"16":0,"17":0,"18":0,"19":0,"20":0,"21":0,"22":0,"23":0,"24":0,"25":0,"26":0,"27":0,"28":0,"29":0,"30":0,"31":0,"32":0},"f":{"0":0,"1":0,"2":0,"3":0},"b":{"0":[0,0],"1":[0,0]}}
,"D:\\мед\\react-medguide\\src\\hooks\\useMedicines.ts": {"path":"D:\\мед\\react-medguide\\src\\hooks\\useMedicines.ts","statementMap":{"0":{"start":{"line":1,"column":0},"end":{"line":1,"column":44}},"1":{"start":{"line":2,"column":0},"end":{"line":2,"column":51}},"2":{"start":{"line":3,"column":0},"end":{"line":3,"column":44}},"3":{"start":{"line":19,"column":28},"end":{"line":105,"column":1}},"4":{"start":{"line":20,"column":36},"end":{"line":20,"column":60}},"5":{"start":{"line":21,"column":32},"end":{"line":21,"column":47}},"6":{"start":{"line":22,"column":28},"end":{"line":22,"column":57}},"7":{"start":{"line":24,"column":25},"end":{"line":38,"column":3}},"8":{"start":{"line":25,"column":4},"end":{"line":37,"column":5}},"9":{"start":{"line":26,"column":6},"end":{"line":26,"column":23}},"10":{"start":{"line":27,"column":6},"end":{"line":27,"column":21}},"11":{"start":{"line":28,"column":23},"end":{"line":28,"column":50}},"12":{"start":{"line":29,"column":6},"end":{"line":29,"column":34}},"13":{"start":{"line":32,"column":8},"end":{"line":32,"column":71}},"14":{"start":{"line":33,"column":6},"end":{"line":33,"column":24}},"15":{"start":{"line":34,"column":6},"end":{"line":34,"column":68}},"16":{"start":{"line":36,"column":6},"end":{"line":36,"column":24}},"17":{"start":{"line":40,"column":26},"end":{"line":54,"column":3}},"18":{"start":{"line":41,"column":4},"end":{"line":53,"column":5}},"19":{"start":{"line":42,"column":6},"end":{"line":42,"column":23}},"20":{"start":{"line":43,"column":6},"end":{"line":43,"column":21}},"21":{"start":{"line":44,"column":23},"end":{"line":44,"column":55}},"22":{"start":{"line":45,"column":6},"end":{"line":45,"column":34}},"23":{"start":{"line":48,"column":8},"end":{"line":48,"column":69}},"24":{"start":{"line":49,"column":6},"end":{"line":49,"column":24}},"25":{"start":{"line":50,"column":6},"end":{"line":50,"column":69}},"26":{"start":{"line":52,"column":6},"end":{"line":52,"column":24}},"27":{"start":{"line":56,"column":31},"end":{"line":73,"column":3}},"28":{"start":{"line":59,"column":4},"end":{"line":72,"column":5}},"29":{"start":{"line":60,"column":6},"end":{"line":60,"column":23}},"30":{"start":{"line":61,"column":6},"end":{"line":61,"column":21}},"31":{"start":{"line":62,"column":23},"end":{"line":62,"column":63}},"32":{"start":{"line":63,"column":6},"end":{"line":63,"column":27}},"33":{"start":{"line":66,"column":8},"end":{"line":66,"column":73}},"34":{"start":{"line":67,"column":6},"end":{"line":67,"column":24}},"35":{"start":{"line":68,"column":6},"end":{"line":68,"column":76}},"36":{"start":{"line":69,"column":6},"end":{"line":69,"column":18}},"37":{"start":{"line":71,"column":6},"end":{"line":71,"column":24}},"38":{"start":{"line":75,"column":26},"end":{"line":90,"column":3}},"39":{"start":{"line":76,"column":4},"end":{"line":89,"column":5}},"40":{"start":{"line":77,"column":6},"end":{"line":77,"column":23}},"41":{"start":{"line":78,"column":6},"end":{"line":78,"column":21}},"42":{"start":{"line":79,"column":23},"end":{"line":79,"column":53}},"43":{"start":{"line":80,"column":6},"end":{"line":80,"column":27}},"44":{"start":{"line":83,"column":8},"end":{"line":83,"column":69}},"45":{"start":{"line":84,"column":6},"end":{"line":84,"column":24}},"46":{"start":{"line":85,"column":6},"end":{"line":85,"column":71}},"47":{"start":{"line":86,"column":6},"end":{"line":86,"column":18}},"48":{"start":{"line":88,"column":6},"end":{"line":88,"column":24}},"49":{"start":{"line":92,"column":2},"end":{"line":94,"column":9}},"50":{"start":{"line":93,"column":4},"end":{"line":93,"column":21}},"51":{"start":{"line":96,"column":2},"end":{"line":104,"column":4}},"52":{"start":{"line":19,"column":13},"end":{"line":19,"column":28}}},"fnMap":{"0":{"name":"(anonymous_0)","decl":{"start":{"line":19,"column":28},"end":{"line":19,"column":31}},"loc":{"start":{"line":19,"column":33},"end":{"line":105,"column":1}}},"1":{"name":"(anonymous_1)","decl":{"start":{"line":24,"column":25},"end":{"line":24,"column":30}},"loc":{"start":{"line":24,"column":36},"end":{"line":38,"column":3}}},"2":{"name":"(anonymous_2)","decl":{"start":{"line":40,"column":26},"end":{"line":40,"column":31}},"loc":{"start":{"line":40,"column":50},"end":{"line":54,"column":3}}},"3":{"name":"(anonymous_3)","decl":{"start":{"line":56,"column":31},"end":{"line":56,"column":36}},"loc":{"start":{"line":58,"column":32},"end":{"line":73,"column":3}}},"4":{"name":"(anonymous_4)","decl":{"start":{"line":75,"column":26},"end":{"line":75,"column":31}},"loc":{"start":{"line":75,"column":73},"end":{"line":90,"column":3}}},"5":{"name":"(anonymous_5)","decl":{"start":{"line":92,"column":12},"end":{"line":92,"column":15}},"loc":{"start":{"line":92,"column":17},"end":{"line":94,"column":3}}}},"branchMap":{"0":{"loc":{"start":{"line":32,"column":8},"end":{"line":32,"column":71}},"type":"cond-expr","locations":[{"start":{"line":32,"column":31},"end":{"line":32,"column":42}},{"start":{"line":32,"column":45},"end":{"line":32,"column":71}}]},"1":{"loc":{"start":{"line":48,"column":8},"end":{"line":48,"column":69}},"type":"cond-expr","locations":[{"start":{"line":48,"column":31},"end":{"line":48,"column":42}},{"start":{"line":48,"column":45},"end":{"line":48,"column":69}}]},"2":{"loc":{"start":{"line":66,"column":8},"end":{"line":66,"column":73}},"type":"cond-expr","locations":[{"start":{"line":66,"column":31},"end":{"line":66,"column":42}},{"start":{"line":66,"column":45},"end":{"line":66,"column":73}}]},"3":{"loc":{"start":{"line":83,"column":8},"end":{"line":83,"column":69}},"type":"cond-expr","locations":[{"start":{"line":83,"column":31},"end":{"line":83,"column":42}},{"start":{"line":83,"column":45},"end":{"line":83,"column":69}}]}},"s":{"0":0,"1":0,"2":0,"3":0,"4":0,"5":0,"6":0,"7":0,"8":0,"9":0,"10":0,"11":0,"12":0,"13":0,"14":0,"15":0,"16":0,"17":0,"18":0,"19":0,"20":0,"21":0,"22":0,"23":0,"24":0,"25":0,"26":0,"27":0,"28":0,"29":0,"30":0,"31":0,"32":0,"33":0,"34":0,"35":0,"36":0,"37":0,"38":0,"39":0,"40":0,"41":0,"42":0,"43":0,"44":0,"45":0,"46":0,"47":0,"48":0,"49":0,"50":0,"51":0,"52":0},"f":{"0":0,"1":0,"2":0,"3":0,"4":0,"5":0},"b":{"0":[0,0],"1":[0,0],"2":[0,0],"3":[0,0]}}
,"D:\\мед\\react-medguide\\src\\navigation\\AppNavigation.tsx": {"path":"D:\\мед\\react-medguide\\src\\navigation\\AppNavigation.tsx","statementMap":{"0":{"start":{"line":2,"column":0},"end":{"line":2,"column":26}},"1":{"start":{"line":3,"column":0},"end":{"line":3,"column":76}},"2":{"start":{"line":6,"column":0},"end":{"line":6,"column":49}},"3":{"start":{"line":7,"column":0},"end":{"line":7,"column":55}},"4":{"start":{"line":8,"column":0},"end":{"line":8,"column":65}},"5":{"start":{"line":9,"column":0},"end":{"line":9,"column":79}},"6":{"start":{"line":10,"column":0},"end":{"line":10,"column":47}},"7":{"start":{"line":11,"column":0},"end":{"line":11,"column":53}},"8":{"start":{"line":12,"column":0},"end":{"line":12,"column":71}},"9":{"start":{"line":13,"column":0},"end":{"line":13,"column":75}},"10":{"start":{"line":14,"column":0},"end":{"line":14,"column":47}},"11":{"start":{"line":15,"column":0},"end":{"line":15,"column":65}},"12":{"start":{"line":16,"column":0},"end":{"line":16,"column":69}},"13":{"start":{"line":17,"column":0},"end":{"line":17,"column":75}},"14":{"start":{"line":18,"column":0},"end":{"line":18,"column":63}},"15":{"start":{"line":19,"column":0},"end":{"line":19,"column":65}},"16":{"start":{"line":38,"column":14},"end":{"line":38,"column":62}},"17":{"start":{"line":40,"column":32},"end":{"line":131,"column":1}},"18":{"start":{"line":41,"column":2},"end":{"line":130,"column":4}},"19":{"start":{"line":133,"column":0},"end":{"line":133,"column":29}}},"fnMap":{"0":{"name":"(anonymous_1)","decl":{"start":{"line":40,"column":32},"end":{"line":40,"column":35}},"loc":{"start":{"line":40,"column":37},"end":{"line":131,"column":1}}}},"branchMap":{},"s":{"0":0,"1":0,"2":0,"3":0,"4":0,"5":0,"6":0,"7":0,"8":0,"9":0,"10":0,"11":0,"12":0,"13":0,"14":0,"15":0,"16":0,"17":0,"18":0,"19":0},"f":{"0":0},"b":{}}
,"D:\\мед\\react-medguide\\src\\screens\\ChatScreen.tsx": {"path":"D:\\мед\\react-medguide\\src\\screens\\ChatScreen.tsx","statementMap":{"0":{"start":{"line":2,"column":0},"end":{"line":2,"column":51}},"1":{"start":{"line":3,"column":0},"end":{"line":3,"column":null}},"2":{"start":{"line":13,"column":0},"end":{"line":13,"column":69}},"3":{"start":{"line":16,"column":0},"end":{"line":16,"column":70}},"4":{"start":{"line":27,"column":26},"end":{"line":27,"column":40}},"5":{"start":{"line":29,"column":36},"end":{"line":137,"column":1}},"6":{"start":{"line":30,"column":32},"end":{"line":30,"column":66}},"7":{"start":{"line":31,"column":34},"end":{"line":31,"column":61}},"8":{"start":{"line":32,"column":28},"end":{"line":32,"column":40}},"9":{"start":{"line":35,"column":2},"end":{"line":60,"column":9}},"10":{"start":{"line":36,"column":20},"end":{"line":36,"column":24}},"11":{"start":{"line":38,"column":17},"end":{"line":52,"column":5}},"12":{"start":{"line":39,"column":28},"end":{"line":39,"column":51}},"13":{"start":{"line":40,"column":6},"end":{"line":40,"column":47}},"14":{"start":{"line":40,"column":21},"end":{"line":40,"column":47}},"15":{"start":{"line":42,"column":19},"end":{"line":42,"column":64}},"16":{"start":{"line":43,"column":6},"end":{"line":51,"column":7}},"17":{"start":{"line":45,"column":8},"end":{"line":50,"column":9}},"18":{"start":{"line":46,"column":25},"end":{"line":46,"column":58}},"19":{"start":{"line":47,"column":10},"end":{"line":47,"column":45}},"20":{"start":{"line":47,"column":25},"end":{"line":47,"column":45}},"21":{"start":{"line":54,"column":4},"end":{"line":54,"column":11}},"22":{"start":{"line":57,"column":4},"end":{"line":59,"column":6}},"23":{"start":{"line":58,"column":6},"end":{"line":58,"column":24}},"24":{"start":{"line":62,"column":26},"end":{"line":68,"column":3}},"25":{"start":{"line":63,"column":4},"end":{"line":67,"column":5}},"26":{"start":{"line":64,"column":6},"end":{"line":64,"column":74}},"27":{"start":{"line":70,"column":21},"end":{"line":89,"column":3}},"28":{"start":{"line":71,"column":17},"end":{"line":71,"column":29}},"29":{"start":{"line":72,"column":4},"end":{"line":72,"column":22}},"30":{"start":{"line":72,"column":15},"end":{"line":72,"column":22}},"31":{"start":{"line":74,"column":36},"end":{"line":79,"column":6}},"32":{"start":{"line":81,"column":4},"end":{"line":86,"column":7}},"33":{"start":{"line":82,"column":22},"end":{"line":82,"column":43}},"34":{"start":{"line":84,"column":6},"end":{"line":84,"column":31}},"35":{"start":{"line":85,"column":6},"end":{"line":85,"column":21}},"36":{"start":{"line":88,"column":4},"end":{"line":88,"column":17}},"37":{"start":{"line":91,"column":21},"end":{"line":99,"column":null}},"38":{"start":{"line":92,"column":4},"end":{"line":98,"column":null}},"39":{"start":{"line":102,"column":21},"end":{"line":104,"column":32}},"40":{"start":{"line":106,"column":2},"end":{"line":136,"column":4}},"41":{"start":{"line":117,"column":34},"end":{"line":117,"column":41}},"42":{"start":{"line":139,"column":15},"end":{"line":213,"column":2}},"43":{"start":{"line":215,"column":0},"end":{"line":215,"column":26}}},"fnMap":{"0":{"name":"(anonymous_10)","decl":{"start":{"line":29,"column":36},"end":{"line":29,"column":39}},"loc":{"start":{"line":29,"column":41},"end":{"line":137,"column":1}}},"1":{"name":"(anonymous_11)","decl":{"start":{"line":35,"column":12},"end":{"line":35,"column":15}},"loc":{"start":{"line":35,"column":17},"end":{"line":60,"column":3}}},"2":{"name":"(anonymous_12)","decl":{"start":{"line":38,"column":17},"end":{"line":38,"column":22}},"loc":{"start":{"line":38,"column":28},"end":{"line":52,"column":5}}},"3":{"name":"(anonymous_13)","decl":{"start":{"line":57,"column":11},"end":{"line":57,"column":14}},"loc":{"start":{"line":57,"column":16},"end":{"line":59,"column":5}}},"4":{"name":"(anonymous_14)","decl":{"start":{"line":62,"column":26},"end":{"line":62,"column":31}},"loc":{"start":{"line":62,"column":56},"end":{"line":68,"column":3}}},"5":{"name":"(anonymous_15)","decl":{"start":{"line":70,"column":21},"end":{"line":70,"column":26}},"loc":{"start":{"line":70,"column":32},"end":{"line":89,"column":3}}},"6":{"name":"(anonymous_16)","decl":{"start":{"line":81,"column":16},"end":{"line":81,"column":17}},"loc":{"start":{"line":81,"column":25},"end":{"line":86,"column":5}}},"7":{"name":"(anonymous_17)","decl":{"start":{"line":91,"column":21},"end":{"line":91,"column":22}},"loc":{"start":{"line":92,"column":4},"end":{"line":98,"column":null}}},"8":{"name":"(anonymous_18)","decl":{"start":{"line":117,"column":24},"end":{"line":117,"column":25}},"loc":{"start":{"line":117,"column":34},"end":{"line":117,"column":41}}}},"branchMap":{"0":{"loc":{"start":{"line":40,"column":6},"end":{"line":40,"column":47}},"type":"if","locations":[{"start":{"line":40,"column":6},"end":{"line":40,"column":47}}]},"1":{"loc":{"start":{"line":43,"column":6},"end":{"line":51,"column":7}},"type":"if","locations":[{"start":{"line":43,"column":6},"end":{"line":51,"column":7}}]},"2":{"loc":{"start":{"line":43,"column":10},"end":{"line":43,"column":27}},"type":"binary-expr","locations":[{"start":{"line":43,"column":10},"end":{"line":43,"column":14}},{"start":{"line":43,"column":18},"end":{"line":43,"column":27}}]},"3":{"loc":{"start":{"line":47,"column":10},"end":{"line":47,"column":45}},"type":"if","locations":[{"start":{"line":47,"column":10},"end":{"line":47,"column":45}}]},"4":{"loc":{"start":{"line":72,"column":4},"end":{"line":72,"column":22}},"type":"if","locations":[{"start":{"line":72,"column":4},"end":{"line":72,"column":22}}]},"5":{"loc":{"start":{"line":95,"column":8},"end":{"line":95,"column":68}},"type":"cond-expr","locations":[{"start":{"line":95,"column":22},"end":{"line":95,"column":42}},{"start":{"line":95,"column":45},"end":{"line":95,"column":68}}]},"6":{"loc":{"start":{"line":102,"column":21},"end":{"line":104,"column":32}},"type":"cond-expr","locations":[{"start":{"line":103,"column":6},"end":{"line":103,"column":40}},{"start":{"line":104,"column":6},"end":{"line":104,"column":32}}]},"7":{"loc":{"start":{"line":109,"column":16},"end":{"line":109,"column":61}},"type":"cond-expr","locations":[{"start":{"line":109,"column":40},"end":{"line":109,"column":49}},{"start":{"line":109,"column":52},"end":{"line":109,"column":61}}]}},"s":{"0":0,"1":0,"2":0,"3":0,"4":0,"5":0,"6":0,"7":0,"8":0,"9":0,"10":0,"11":0,"12":0,"13":0,"14":0,"15":0,"16":0,"17":0,"18":0,"19":0,"20":0,"21":0,"22":0,"23":0,"24":0,"25":0,"26":0,"27":0,"28":0,"29":0,"30":0,"31":0,"32":0,"33":0,"34":0,"35":0,"36":0,"37":0,"38":0,"39":0,"40":0,"41":0,"42":0,"43":0},"f":{"0":0,"1":0,"2":0,"3":0,"4":0,"5":0,"6":0,"7":0,"8":0},"b":{"0":[0],"1":[0],"2":[0,0],"3":[0],"4":[0],"5":[0,0],"6":[0,0],"7":[0,0]}}
,"D:\\мед\\react-medguide\\src\\screens\\HomeScreen.tsx": {"path":"D:\\мед\\react-medguide\\src\\screens\\HomeScreen.tsx","statementMap":{"0":{"start":{"line":2,"column":0},"end":{"line":2,"column":51}},"1":{"start":{"line":3,"column":0},"end":{"line":3,"column":72}},"2":{"start":{"line":6,"column":0},"end":{"line":6,"column":70}},"3":{"start":{"line":10,"column":36},"end":{"line":114,"column":1}},"4":{"start":{"line":11,"column":32},"end":{"line":11,"column":66}},"5":{"start":{"line":13,"column":2},"end":{"line":21,"column":19}},"6":{"start":{"line":14,"column":17},"end":{"line":17,"column":5}},"7":{"start":{"line":15,"column":21},"end":{"line":15,"column":44}},"8":{"start":{"line":16,"column":6},"end":{"line":16,"column":25}},"9":{"start":{"line":19,"column":18},"end":{"line":19,"column":55}},"10":{"start":{"line":20,"column":4},"end":{"line":20,"column":17}},"11":{"start":{"line":23,"column":16},"end":{"line":25,"column":35}},"12":{"start":{"line":27,"column":2},"end":{"line":113,"column":4}},"13":{"start":{"line":41,"column":27},"end":{"line":41,"column":63}},"14":{"start":{"line":60,"column":27},"end":{"line":60,"column":57}},"15":{"start":{"line":74,"column":27},"end":{"line":74,"column":68}},"16":{"start":{"line":94,"column":27},"end":{"line":94,"column":62}},"17":{"start":{"line":116,"column":15},"end":{"line":219,"column":2}},"18":{"start":{"line":221,"column":0},"end":{"line":221,"column":26}}},"fnMap":{"0":{"name":"(anonymous_9)","decl":{"start":{"line":10,"column":36},"end":{"line":10,"column":37}},"loc":{"start":{"line":10,"column":55},"end":{"line":114,"column":1}}},"1":{"name":"(anonymous_10)","decl":{"start":{"line":13,"column":12},"end":{"line":13,"column":15}},"loc":{"start":{"line":13,"column":17},"end":{"line":21,"column":3}}},"2":{"name":"(anonymous_11)","decl":{"start":{"line":14,"column":17},"end":{"line":14,"column":22}},"loc":{"start":{"line":14,"column":28},"end":{"line":17,"column":5}}},"3":{"name":"(anonymous_12)","decl":{"start":{"line":41,"column":21},"end":{"line":41,"column":24}},"loc":{"start":{"line":41,"column":27},"end":{"line":41,"column":63}}},"4":{"name":"(anonymous_13)","decl":{"start":{"line":60,"column":21},"end":{"line":60,"column":24}},"loc":{"start":{"line":60,"column":27},"end":{"line":60,"column":57}}},"5":{"name":"(anonymous_14)","decl":{"start":{"line":74,"column":21},"end":{"line":74,"column":24}},"loc":{"start":{"line":74,"column":27},"end":{"line":74,"column":68}}},"6":{"name":"(anonymous_15)","decl":{"start":{"line":94,"column":21},"end":{"line":94,"column":24}},"loc":{"start":{"line":94,"column":27},"end":{"line":94,"column":62}}}},"branchMap":{"0":{"loc":{"start":{"line":23,"column":16},"end":{"line":25,"column":35}},"type":"cond-expr","locations":[{"start":{"line":24,"column":6},"end":{"line":24,"column":42}},{"start":{"line":25,"column":6},"end":{"line":25,"column":35}}]}},"s":{"0":0,"1":0,"2":0,"3":0,"4":0,"5":0,"6":0,"7":0,"8":0,"9":0,"10":0,"11":0,"12":0,"13":0,"14":0,"15":0,"16":0,"17":0,"18":0},"f":{"0":0,"1":0,"2":0,"3":0,"4":0,"5":0,"6":0},"b":{"0":[0,0]}}
,"D:\\мед\\react-medguide\\src\\screens\\InstructionDetailsScreen.tsx": {"path":"D:\\мед\\react-medguide\\src\\screens\\InstructionDetailsScreen.tsx","statementMap":{"0":{"start":{"line":2,"column":0},"end":{"line":2,"column":51}},"1":{"start":{"line":3,"column":0},"end":{"line":3,"column":null}},"2":{"start":{"line":13,"column":0},"end":{"line":13,"column":80}},"3":{"start":{"line":17,"column":50},"end":{"line":118,"column":1}},"4":{"start":{"line":18,"column":17},"end":{"line":18,"column":29}},"5":{"start":{"line":19,"column":40},"end":{"line":19,"column":74}},"6":{"start":{"line":20,"column":36},"end":{"line":20,"column":59}},"7":{"start":{"line":21,"column":28},"end":{"line":21,"column":57}},"8":{"start":{"line":23,"column":2},"end":{"line":53,"column":11}},"9":{"start":{"line":24,"column":20},"end":{"line":24,"column":24}},"10":{"start":{"line":26,"column":17},"end":{"line":45,"column":5}},"11":{"start":{"line":27,"column":6},"end":{"line":27,"column":25}},"12":{"start":{"line":28,"column":6},"end":{"line":28,"column":21}},"13":{"start":{"line":30,"column":6},"end":{"line":44,"column":7}},"14":{"start":{"line":31,"column":21},"end":{"line":31,"column":51}},"15":{"start":{"line":32,"column":8},"end":{"line":34,"column":9}},"16":{"start":{"line":33,"column":10},"end":{"line":33,"column":31}},"17":{"start":{"line":37,"column":8},"end":{"line":39,"column":9}},"18":{"start":{"line":38,"column":10},"end":{"line":38,"column":54}},"19":{"start":{"line":41,"column":8},"end":{"line":43,"column":9}},"20":{"start":{"line":42,"column":10},"end":{"line":42,"column":30}},"21":{"start":{"line":47,"column":4},"end":{"line":47,"column":11}},"22":{"start":{"line":50,"column":4},"end":{"line":52,"column":6}},"23":{"start":{"line":51,"column":6},"end":{"line":51,"column":24}},"24":{"start":{"line":55,"column":2},"end":{"line":64,"column":3}},"25":{"start":{"line":56,"column":4},"end":{"line":63,"column":6}},"26":{"start":{"line":66,"column":2},"end":{"line":80,"column":3}},"27":{"start":{"line":67,"column":4},"end":{"line":79,"column":6}},"28":{"start":{"line":73,"column":27},"end":{"line":73,"column":46}},"29":{"start":{"line":82,"column":2},"end":{"line":96,"column":3}},"30":{"start":{"line":83,"column":4},"end":{"line":95,"column":6}},"31":{"start":{"line":89,"column":27},"end":{"line":89,"column":46}},"32":{"start":{"line":98,"column":2},"end":{"line":117,"column":4}},"33":{"start":{"line":102,"column":43},"end":{"line":102,"column":62}},"34":{"start":{"line":120,"column":15},"end":{"line":211,"column":2}},"35":{"start":{"line":213,"column":0},"end":{"line":213,"column":40}}},"fnMap":{"0":{"name":"(anonymous_9)","decl":{"start":{"line":17,"column":50},"end":{"line":17,"column":51}},"loc":{"start":{"line":17,"column":76},"end":{"line":118,"column":1}}},"1":{"name":"(anonymous_10)","decl":{"start":{"line":23,"column":12},"end":{"line":23,"column":15}},"loc":{"start":{"line":23,"column":17},"end":{"line":53,"column":3}}},"2":{"name":"(anonymous_11)","decl":{"start":{"line":26,"column":17},"end":{"line":26,"column":22}},"loc":{"start":{"line":26,"column":28},"end":{"line":45,"column":5}}},"3":{"name":"(anonymous_12)","decl":{"start":{"line":50,"column":11},"end":{"line":50,"column":14}},"loc":{"start":{"line":50,"column":16},"end":{"line":52,"column":5}}},"4":{"name":"(anonymous_13)","decl":{"start":{"line":73,"column":21},"end":{"line":73,"column":24}},"loc":{"start":{"line":73,"column":27},"end":{"line":73,"column":46}}},"5":{"name":"(anonymous_14)","decl":{"start":{"line":89,"column":21},"end":{"line":89,"column":24}},"loc":{"start":{"line":89,"column":27},"end":{"line":89,"column":46}}},"6":{"name":"(anonymous_15)","decl":{"start":{"line":102,"column":37},"end":{"line":102,"column":40}},"loc":{"start":{"line":102,"column":43},"end":{"line":102,"column":62}}}},"branchMap":{"0":{"loc":{"start":{"line":32,"column":8},"end":{"line":34,"column":9}},"type":"if","locations":[{"start":{"line":32,"column":8},"end":{"line":34,"column":9}}]},"1":{"loc":{"start":{"line":37,"column":8},"end":{"line":39,"column":9}},"type":"if","locations":[{"start":{"line":37,"column":8},"end":{"line":39,"column":9}}]},"2":{"loc":{"start":{"line":41,"column":8},"end":{"line":43,"column":9}},"type":"if","locations":[{"start":{"line":41,"column":8},"end":{"line":43,"column":9}}]},"3":{"loc":{"start":{"line":55,"column":2},"end":{"line":64,"column":3}},"type":"if","locations":[{"start":{"line":55,"column":2},"end":{"line":64,"column":3}}]},"4":{"loc":{"start":{"line":66,"column":2},"end":{"line":80,"column":3}},"type":"if","locations":[{"start":{"line":66,"column":2},"end":{"line":80,"column":3}}]},"5":{"loc":{"start":{"line":82,"column":2},"end":{"line":96,"column":3}},"type":"if","locations":[{"start":{"line":82,"column":2},"end":{"line":96,"column":3}}]}},"s":{"0":0,"1":0,"2":0,"3":0,"4":0,"5":0,"6":0,"7":0,"8":0,"9":0,"10":0,"11":0,"12":0,"13":0,"14":0,"15":0,"16":0,"17":0,"18":0,"19":0,"20":0,"21":0,"22":0,"23":0,"24":0,"25":0,"26":0,"27":0,"28":0,"29":0,"30":0,"31":0,"32":0,"33":0,"34":0,"35":0},"f":{"0":0,"1":0,"2":0,"3":0,"4":0,"5":0,"6":0},"b":{"0":[0],"1":[0],"2":[0],"3":[0],"4":[0],"5":[0]}}
,"D:\\мед\\react-medguide\\src\\screens\\InstructionsListScreen.tsx": {"path":"D:\\мед\\react-medguide\\src\\screens\\InstructionsListScreen.tsx","statementMap":{"0":{"start":{"line":2,"column":0},"end":{"line":2,"column":51}},"1":{"start":{"line":3,"column":0},"end":{"line":3,"column":null}},"2":{"start":{"line":11,"column":0},"end":{"line":11,"column":58}},"3":{"start":{"line":14,"column":0},"end":{"line":14,"column":77}},"4":{"start":{"line":19,"column":48},"end":{"line":131,"column":1}},"5":{"start":{"line":20,"column":28},"end":{"line":20,"column":55}},"6":{"start":{"line":21,"column":36},"end":{"line":21,"column":60}},"7":{"start":{"line":22,"column":28},"end":{"line":22,"column":57}},"8":{"start":{"line":25,"column":2},"end":{"line":42,"column":9}},"9":{"start":{"line":26,"column":17},"end":{"line":39,"column":5}},"10":{"start":{"line":27,"column":6},"end":{"line":27,"column":25}},"11":{"start":{"line":28,"column":6},"end":{"line":28,"column":21}},"12":{"start":{"line":30,"column":6},"end":{"line":38,"column":7}},"13":{"start":{"line":31,"column":21},"end":{"line":31,"column":46}},"14":{"start":{"line":32,"column":8},"end":{"line":32,"column":23}},"15":{"start":{"line":35,"column":8},"end":{"line":35,"column":52}},"16":{"start":{"line":37,"column":8},"end":{"line":37,"column":28}},"17":{"start":{"line":41,"column":4},"end":{"line":41,"column":11}},"18":{"start":{"line":45,"column":2},"end":{"line":64,"column":4}},"19":{"start":{"line":47,"column":19},"end":{"line":60,"column":7}},"20":{"start":{"line":48,"column":8},"end":{"line":48,"column":27}},"21":{"start":{"line":49,"column":8},"end":{"line":49,"column":23}},"22":{"start":{"line":51,"column":8},"end":{"line":59,"column":9}},"23":{"start":{"line":52,"column":23},"end":{"line":52,"column":48}},"24":{"start":{"line":53,"column":10},"end":{"line":53,"column":25}},"25":{"start":{"line":56,"column":10},"end":{"line":56,"column":54}},"26":{"start":{"line":58,"column":10},"end":{"line":58,"column":30}},"27":{"start":{"line":62,"column":6},"end":{"line":62,"column":13}},"28":{"start":{"line":66,"column":22},"end":{"line":70,"column":1}},"29":{"start":{"line":67,"column":2},"end":{"line":69,"column":5}},"30":{"start":{"line":73,"column":2},"end":{"line":82,"column":3}},"31":{"start":{"line":74,"column":4},"end":{"line":81,"column":6}},"32":{"start":{"line":84,"column":2},"end":{"line":92,"column":3}},"33":{"start":{"line":85,"column":4},"end":{"line":91,"column":6}},"34":{"start":{"line":94,"column":2},"end":{"line":102,"column":3}},"35":{"start":{"line":95,"column":4},"end":{"line":101,"column":6}},"36":{"start":{"line":104,"column":2},"end":{"line":130,"column":4}},"37":{"start":{"line":109,"column":34},"end":{"line":109,"column":49}},"38":{"start":{"line":110,"column":40},"end":{"line":110,"column":73}},"39":{"start":{"line":112,"column":12},"end":{"line":124,"column":null}},"40":{"start":{"line":114,"column":29},"end":{"line":114,"column":46}},"41":{"start":{"line":133,"column":15},"end":{"line":213,"column":2}},"42":{"start":{"line":215,"column":0},"end":{"line":215,"column":38}}},"fnMap":{"0":{"name":"(anonymous_9)","decl":{"start":{"line":19,"column":48},"end":{"line":19,"column":49}},"loc":{"start":{"line":19,"column":67},"end":{"line":131,"column":1}}},"1":{"name":"(anonymous_10)","decl":{"start":{"line":25,"column":12},"end":{"line":25,"column":15}},"loc":{"start":{"line":25,"column":17},"end":{"line":42,"column":3}}},"2":{"name":"(anonymous_11)","decl":{"start":{"line":26,"column":17},"end":{"line":26,"column":22}},"loc":{"start":{"line":26,"column":28},"end":{"line":39,"column":5}}},"3":{"name":"(anonymous_12)","decl":{"start":{"line":46,"column":22},"end":{"line":46,"column":25}},"loc":{"start":{"line":46,"column":27},"end":{"line":63,"column":5}}},"4":{"name":"(anonymous_13)","decl":{"start":{"line":47,"column":19},"end":{"line":47,"column":24}},"loc":{"start":{"line":47,"column":30},"end":{"line":60,"column":7}}},"5":{"name":"(anonymous_14)","decl":{"start":{"line":66,"column":22},"end":{"line":66,"column":23}},"loc":{"start":{"line":66,"column":44},"end":{"line":70,"column":1}}},"6":{"name":"(anonymous_15)","decl":{"start":{"line":109,"column":24},"end":{"line":109,"column":25}},"loc":{"start":{"line":109,"column":34},"end":{"line":109,"column":49}}},"7":{"name":"(anonymous_16)","decl":{"start":{"line":110,"column":34},"end":{"line":110,"column":37}},"loc":{"start":{"line":110,"column":40},"end":{"line":110,"column":73}}},"8":{"name":"(anonymous_17)","decl":{"start":{"line":111,"column":22},"end":{"line":111,"column":23}},"loc":{"start":{"line":112,"column":12},"end":{"line":124,"column":null}}},"9":{"name":"(anonymous_18)","decl":{"start":{"line":114,"column":23},"end":{"line":114,"column":26}},"loc":{"start":{"line":114,"column":29},"end":{"line":114,"column":46}}}},"branchMap":{"0":{"loc":{"start":{"line":73,"column":2},"end":{"line":82,"column":3}},"type":"if","locations":[{"start":{"line":73,"column":2},"end":{"line":82,"column":3}}]},"1":{"loc":{"start":{"line":84,"column":2},"end":{"line":92,"column":3}},"type":"if","locations":[{"start":{"line":84,"column":2},"end":{"line":92,"column":3}}]},"2":{"loc":{"start":{"line":94,"column":2},"end":{"line":102,"column":3}},"type":"if","locations":[{"start":{"line":94,"column":2},"end":{"line":102,"column":3}}]}},"s":{"0":0,"1":0,"2":0,"3":0,"4":0,"5":0,"6":0,"7":0,"8":0,"9":0,"10":0,"11":0,"12":0,"13":0,"14":0,"15":0,"16":0,"17":0,"18":0,"19":0,"20":0,"21":0,"22":0,"23":0,"24":0,"25":0,"26":0,"27":0,"28":0,"29":0,"30":0,"31":0,"32":0,"33":0,"34":0,"35":0,"36":0,"37":0,"38":0,"39":0,"40":0,"41":0,"42":0},"f":{"0":0,"1":0,"2":0,"3":0,"4":0,"5":0,"6":0,"7":0,"8":0,"9":0},"b":{"0":[0],"1":[0],"2":[0]}}
,"D:\\мед\\react-medguide\\src\\screens\\IssuedHistoryScreen.tsx": {"path":"D:\\мед\\react-medguide\\src\\screens\\IssuedHistoryScreen.tsx","statementMap":{"0":{"start":{"line":2,"column":0},"end":{"line":2,"column":51}},"1":{"start":{"line":3,"column":0},"end":{"line":3,"column":null}},"2":{"start":{"line":11,"column":0},"end":{"line":11,"column":58}},"3":{"start":{"line":14,"column":0},"end":{"line":14,"column":114}},"4":{"start":{"line":15,"column":0},"end":{"line":15,"column":52}},"5":{"start":{"line":19,"column":45},"end":{"line":149,"column":1}},"6":{"start":{"line":20,"column":32},"end":{"line":20,"column":68}},"7":{"start":{"line":21,"column":36},"end":{"line":21,"column":50}},"8":{"start":{"line":24,"column":2},"end":{"line":37,"column":9}},"9":{"start":{"line":25,"column":17},"end":{"line":34,"column":5}},"10":{"start":{"line":26,"column":6},"end":{"line":33,"column":7}},"11":{"start":{"line":27,"column":24},"end":{"line":27,"column":48}},"12":{"start":{"line":28,"column":8},"end":{"line":28,"column":28}},"13":{"start":{"line":32,"column":8},"end":{"line":32,"column":28}},"14":{"start":{"line":36,"column":4},"end":{"line":36,"column":11}},"15":{"start":{"line":40,"column":2},"end":{"line":90,"column":4}},"16":{"start":{"line":42,"column":26},"end":{"line":86,"column":7}},"17":{"start":{"line":43,"column":8},"end":{"line":85,"column":9}},"18":{"start":{"line":44,"column":10},"end":{"line":44,"column":29}},"19":{"start":{"line":47,"column":31},"end":{"line":47,"column":55}},"20":{"start":{"line":48,"column":10},"end":{"line":48,"column":35}},"21":{"start":{"line":51,"column":10},"end":{"line":80,"column":11}},"22":{"start":{"line":52,"column":34},"end":{"line":52,"column":60}},"23":{"start":{"line":55,"column":58},"end":{"line":63,"column":15}},"24":{"start":{"line":55,"column":89},"end":{"line":63,"column":14}},"25":{"start":{"line":66,"column":28},"end":{"line":66,"column":51}},"26":{"start":{"line":67,"column":12},"end":{"line":76,"column":13}},"27":{"start":{"line":68,"column":37},"end":{"line":71,"column":16}},"28":{"start":{"line":72,"column":14},"end":{"line":72,"column":52}},"29":{"start":{"line":73,"column":14},"end":{"line":73,"column":40}},"30":{"start":{"line":75,"column":14},"end":{"line":75,"column":40}},"31":{"start":{"line":84,"column":10},"end":{"line":84,"column":30}},"32":{"start":{"line":88,"column":6},"end":{"line":88,"column":20}},"33":{"start":{"line":92,"column":21},"end":{"line":105,"column":3}},"34":{"start":{"line":93,"column":4},"end":{"line":104,"column":5}},"35":{"start":{"line":94,"column":19},"end":{"line":94,"column":38}},"36":{"start":{"line":95,"column":6},"end":{"line":101,"column":9}},"37":{"start":{"line":103,"column":6},"end":{"line":103,"column":23}},"38":{"start":{"line":107,"column":21},"end":{"line":119,"column":null}},"39":{"start":{"line":108,"column":4},"end":{"line":118,"column":null}},"40":{"start":{"line":122,"column":2},"end":{"line":128,"column":3}},"41":{"start":{"line":123,"column":4},"end":{"line":127,"column":6}},"42":{"start":{"line":130,"column":2},"end":{"line":148,"column":4}},"43":{"start":{"line":141,"column":34},"end":{"line":141,"column":41}},"44":{"start":{"line":144,"column":40},"end":{"line":144,"column":73}},"45":{"start":{"line":151,"column":15},"end":{"line":216,"column":2}},"46":{"start":{"line":218,"column":0},"end":{"line":218,"column":35}}},"fnMap":{"0":{"name":"(anonymous_9)","decl":{"start":{"line":19,"column":45},"end":{"line":19,"column":48}},"loc":{"start":{"line":19,"column":50},"end":{"line":149,"column":1}}},"1":{"name":"(anonymous_10)","decl":{"start":{"line":24,"column":12},"end":{"line":24,"column":15}},"loc":{"start":{"line":24,"column":17},"end":{"line":37,"column":3}}},"2":{"name":"(anonymous_11)","decl":{"start":{"line":25,"column":17},"end":{"line":25,"column":22}},"loc":{"start":{"line":25,"column":28},"end":{"line":34,"column":5}}},"3":{"name":"(anonymous_12)","decl":{"start":{"line":41,"column":22},"end":{"line":41,"column":25}},"loc":{"start":{"line":41,"column":27},"end":{"line":89,"column":5}}},"4":{"name":"(anonymous_13)","decl":{"start":{"line":42,"column":26},"end":{"line":42,"column":31}},"loc":{"start":{"line":42,"column":37},"end":{"line":86,"column":7}}},"5":{"name":"(anonymous_14)","decl":{"start":{"line":55,"column":76},"end":{"line":55,"column":77}},"loc":{"start":{"line":55,"column":89},"end":{"line":63,"column":14}}},"6":{"name":"(anonymous_15)","decl":{"start":{"line":92,"column":21},"end":{"line":92,"column":22}},"loc":{"start":{"line":92,"column":43},"end":{"line":105,"column":3}}},"7":{"name":"(anonymous_16)","decl":{"start":{"line":107,"column":21},"end":{"line":107,"column":22}},"loc":{"start":{"line":108,"column":4},"end":{"line":118,"column":null}}},"8":{"name":"(anonymous_17)","decl":{"start":{"line":141,"column":24},"end":{"line":141,"column":25}},"loc":{"start":{"line":141,"column":34},"end":{"line":141,"column":41}}},"9":{"name":"(anonymous_18)","decl":{"start":{"line":144,"column":34},"end":{"line":144,"column":37}},"loc":{"start":{"line":144,"column":40},"end":{"line":144,"column":73}}}},"branchMap":{"0":{"loc":{"start":{"line":61,"column":24},"end":{"line":61,"column":46}},"type":"binary-expr","locations":[{"start":{"line":61,"column":24},"end":{"line":61,"column":40}},{"start":{"line":61,"column":44},"end":{"line":61,"column":46}}]},"1":{"loc":{"start":{"line":62,"column":26},"end":{"line":62,"column":50}},"type":"binary-expr","locations":[{"start":{"line":62,"column":26},"end":{"line":62,"column":44}},{"start":{"line":62,"column":48},"end":{"line":62,"column":50}}]},"2":{"loc":{"start":{"line":67,"column":12},"end":{"line":76,"column":13}},"type":"if","locations":[{"start":{"line":67,"column":12},"end":{"line":76,"column":13}},{"start":{"line":74,"column":19},"end":{"line":76,"column":13}}]},"3":{"loc":{"start":{"line":114,"column":7},"end":{"line":117,"column":null}},"type":"binary-expr","locations":[{"start":{"line":114,"column":8},"end":{"line":114,"column":23}},{"start":{"line":114,"column":27},"end":{"line":114,"column":40}},{"start":{"line":115,"column":8},"end":{"line":116,"column":null}}]},"4":{"loc":{"start":{"line":116,"column":11},"end":{"line":116,"column":32}},"type":"binary-expr","locations":[{"start":{"line":116,"column":11},"end":{"line":116,"column":26}},{"start":{"line":116,"column":30},"end":{"line":116,"column":32}}]},"5":{"loc":{"start":{"line":116,"column":35},"end":{"line":116,"column":76}},"type":"cond-expr","locations":[{"start":{"line":116,"column":51},"end":{"line":116,"column":71}},{"start":{"line":116,"column":74},"end":{"line":116,"column":76}}]},"6":{"loc":{"start":{"line":122,"column":2},"end":{"line":128,"column":3}},"type":"if","locations":[{"start":{"line":122,"column":2},"end":{"line":128,"column":3}}]},"7":{"loc":{"start":{"line":132,"column":7},"end":{"line":145,"column":null}},"type":"cond-expr","locations":[{"start":{"line":133,"column":8},"end":{"line":136,"column":null}},{"start":{"line":139,"column":8},"end":{"line":144,"column":null}}]}},"s":{"0":0,"1":0,"2":0,"3":0,"4":0,"5":0,"6":0,"7":0,"8":0,"9":0,"10":0,"11":0,"12":0,"13":0,"14":0,"15":0,"16":0,"17":0,"18":0,"19":0,"20":0,"21":0,"22":0,"23":0,"24":0,"25":0,"26":0,"27":0,"28":0,"29":0,"30":0,"31":0,"32":0,"33":0,"34":0,"35":0,"36":0,"37":0,"38":0,"39":0,"40":0,"41":0,"42":0,"43":0,"44":0,"45":0,"46":0},"f":{"0":0,"1":0,"2":0,"3":0,"4":0,"5":0,"6":0,"7":0,"8":0,"9":0},"b":{"0":[0,0],"1":[0,0],"2":[0,0],"3":[0,0,0],"4":[0,0],"5":[0,0],"6":[0],"7":[0,0]}}
,"D:\\мед\\react-medguide\\src\\screens\\LoginScreen.tsx": {"path":"D:\\мед\\react-medguide\\src\\screens\\LoginScreen.tsx","statementMap":{"0":{"start":{"line":2,"column":0},"end":{"line":2,"column":40}},"1":{"start":{"line":3,"column":0},"end":{"line":3,"column":null}},"2":{"start":{"line":15,"column":0},"end":{"line":15,"column":57}},"3":{"start":{"line":16,"column":0},"end":{"line":16,"column":55}},"4":{"start":{"line":17,"column":0},"end":{"line":17,"column":56}},"5":{"start":{"line":21,"column":37},"end":{"line":146,"column":1}},"6":{"start":{"line":22,"column":28},"end":{"line":22,"column":40}},"7":{"start":{"line":23,"column":34},"end":{"line":23,"column":46}},"8":{"start":{"line":24,"column":42},"end":{"line":24,"column":57}},"9":{"start":{"line":26,"column":22},"end":{"line":73,"column":3}},"10":{"start":{"line":27,"column":4},"end":{"line":30,"column":5}},"11":{"start":{"line":28,"column":6},"end":{"line":28,"column":55}},"12":{"start":{"line":29,"column":6},"end":{"line":29,"column":13}},"13":{"start":{"line":32,"column":4},"end":{"line":72,"column":5}},"14":{"start":{"line":33,"column":6},"end":{"line":33,"column":28}},"15":{"start":{"line":36,"column":28},"end":{"line":36,"column":74}},"16":{"start":{"line":37,"column":19},"end":{"line":37,"column":37}},"17":{"start":{"line":40,"column":6},"end":{"line":45,"column":7}},"18":{"start":{"line":41,"column":8},"end":{"line":44,"column":11}},"19":{"start":{"line":48,"column":22},"end":{"line":48,"column":40}},"20":{"start":{"line":51,"column":6},"end":{"line":59,"column":9}},"21":{"start":{"line":61,"column":6},"end":{"line":61,"column":33}},"22":{"start":{"line":63,"column":6},"end":{"line":69,"column":7}},"23":{"start":{"line":64,"column":8},"end":{"line":64,"column":56}},"24":{"start":{"line":65,"column":13},"end":{"line":69,"column":7}},"25":{"start":{"line":66,"column":8},"end":{"line":66,"column":49}},"26":{"start":{"line":68,"column":8},"end":{"line":68,"column":59}},"27":{"start":{"line":71,"column":6},"end":{"line":71,"column":29}},"28":{"start":{"line":75,"column":2},"end":{"line":145,"column":4}},"29":{"start":{"line":127,"column":27},"end":{"line":127,"column":58}},"30":{"start":{"line":136,"column":27},"end":{"line":136,"column":63}},"31":{"start":{"line":148,"column":15},"end":{"line":226,"column":2}},"32":{"start":{"line":228,"column":0},"end":{"line":228,"column":27}}},"fnMap":{"0":{"name":"(anonymous_9)","decl":{"start":{"line":21,"column":37},"end":{"line":21,"column":38}},"loc":{"start":{"line":21,"column":56},"end":{"line":146,"column":1}}},"1":{"name":"(anonymous_10)","decl":{"start":{"line":26,"column":22},"end":{"line":26,"column":27}},"loc":{"start":{"line":26,"column":33},"end":{"line":73,"column":3}}},"2":{"name":"(anonymous_11)","decl":{"start":{"line":127,"column":21},"end":{"line":127,"column":24}},"loc":{"start":{"line":127,"column":27},"end":{"line":127,"column":58}}},"3":{"name":"(anonymous_12)","decl":{"start":{"line":136,"column":21},"end":{"line":136,"column":24}},"loc":{"start":{"line":136,"column":27},"end":{"line":136,"column":63}}}},"branchMap":{"0":{"loc":{"start":{"line":27,"column":4},"end":{"line":30,"column":5}},"type":"if","locations":[{"start":{"line":27,"column":4},"end":{"line":30,"column":5}}]},"1":{"loc":{"start":{"line":27,"column":8},"end":{"line":27,"column":41}},"type":"binary-expr","locations":[{"start":{"line":27,"column":8},"end":{"line":27,"column":21}},{"start":{"line":27,"column":25},"end":{"line":27,"column":41}}]},"2":{"loc":{"start":{"line":40,"column":6},"end":{"line":45,"column":7}},"type":"if","locations":[{"start":{"line":40,"column":6},"end":{"line":45,"column":7}}]},"3":{"loc":{"start":{"line":52,"column":14},"end":{"line":52,"column":45}},"type":"binary-expr","locations":[{"start":{"line":52,"column":14},"end":{"line":52,"column":31}},{"start":{"line":52,"column":35},"end":{"line":52,"column":45}}]},"4":{"loc":{"start":{"line":53,"column":17},"end":{"line":53,"column":42}},"type":"binary-expr","locations":[{"start":{"line":53,"column":17},"end":{"line":53,"column":33}},{"start":{"line":53,"column":37},"end":{"line":53,"column":42}}]},"5":{"loc":{"start":{"line":54,"column":19},"end":{"line":54,"column":45}},"type":"binary-expr","locations":[{"start":{"line":54,"column":19},"end":{"line":54,"column":37}},{"start":{"line":54,"column":41},"end":{"line":54,"column":45}}]},"6":{"loc":{"start":{"line":55,"column":19},"end":{"line":55,"column":50}},"type":"binary-expr","locations":[{"start":{"line":55,"column":19},"end":{"line":55,"column":36}},{"start":{"line":55,"column":40},"end":{"line":55,"column":50}}]},"7":{"loc":{"start":{"line":56,"column":20},"end":{"line":56,"column":59}},"type":"binary-expr","locations":[{"start":{"line":56,"column":20},"end":{"line":56,"column":39}},{"start":{"line":56,"column":43},"end":{"line":56,"column":59}}]},"8":{"loc":{"start":{"line":57,"column":22},"end":{"line":57,"column":49}},"type":"binary-expr","locations":[{"start":{"line":57,"column":22},"end":{"line":57,"column":43}},{"start":{"line":57,"column":47},"end":{"line":57,"column":49}}]},"9":{"loc":{"start":{"line":63,"column":6},"end":{"line":69,"column":7}},"type":"if","locations":[{"start":{"line":63,"column":6},"end":{"line":69,"column":7}},{"start":{"line":65,"column":13},"end":{"line":69,"column":7}}]},"10":{"loc":{"start":{"line":65,"column":13},"end":{"line":69,"column":7}},"type":"if","locations":[{"start":{"line":65,"column":13},"end":{"line":69,"column":7}},{"start":{"line":67,"column":13},"end":{"line":69,"column":7}}]},"11":{"loc":{"start":{"line":114,"column":14},"end":{"line":114,"column":51}},"type":"binary-expr","locations":[{"start":{"line":114,"column":14},"end":{"line":114,"column":26}},{"start":{"line":114,"column":30},"end":{"line":114,"column":51}}]},"12":{"loc":{"start":{"line":120,"column":15},"end":{"line":120,"column":51}},"type":"cond-expr","locations":[{"start":{"line":120,"column":30},"end":{"line":120,"column":41}},{"start":{"line":120,"column":44},"end":{"line":120,"column":51}}]}},"s":{"0":0,"1":0,"2":0,"3":0,"4":0,"5":0,"6":0,"7":0,"8":0,"9":0,"10":0,"11":0,"12":0,"13":0,"14":0,"15":0,"16":0,"17":0,"18":0,"19":0,"20":0,"21":0,"22":0,"23":0,"24":0,"25":0,"26":0,"27":0,"28":0,"29":0,"30":0,"31":0,"32":0},"f":{"0":0,"1":0,"2":0,"3":0},"b":{"0":[0],"1":[0,0],"2":[0],"3":[0,0],"4":[0,0],"5":[0,0],"6":[0,0],"7":[0,0],"8":[0,0],"9":[0,0],"10":[0,0],"11":[0,0],"12":[0,0]}}
,"D:\\мед\\react-medguide\\src\\screens\\MedicineCodeSearchScreen.tsx": {"path":"D:\\мед\\react-medguide\\src\\screens\\MedicineCodeSearchScreen.tsx","statementMap":{"0":{"start":{"line":2,"column":0},"end":{"line":2,"column":40}},"1":{"start":{"line":3,"column":0},"end":{"line":3,"column":null}},"2":{"start":{"line":14,"column":0},"end":{"line":14,"column":65}},"3":{"start":{"line":18,"column":50},"end":{"line":105,"column":1}},"4":{"start":{"line":19,"column":36},"end":{"line":19,"column":48}},"5":{"start":{"line":20,"column":44},"end":{"line":20,"column":75}},"6":{"start":{"line":21,"column":28},"end":{"line":21,"column":57}},"7":{"start":{"line":23,"column":23},"end":{"line":41,"column":3}},"8":{"start":{"line":24,"column":16},"end":{"line":24,"column":46}},"9":{"start":{"line":26,"column":4},"end":{"line":30,"column":5}},"10":{"start":{"line":27,"column":6},"end":{"line":27,"column":44}},"11":{"start":{"line":28,"column":6},"end":{"line":28,"column":29}},"12":{"start":{"line":29,"column":6},"end":{"line":29,"column":13}},"13":{"start":{"line":32,"column":16},"end":{"line":32,"column":41}},"14":{"start":{"line":33,"column":4},"end":{"line":37,"column":5}},"15":{"start":{"line":34,"column":6},"end":{"line":34,"column":55}},"16":{"start":{"line":35,"column":6},"end":{"line":35,"column":29}},"17":{"start":{"line":36,"column":6},"end":{"line":36,"column":13}},"18":{"start":{"line":39,"column":4},"end":{"line":39,"column":26}},"19":{"start":{"line":40,"column":4},"end":{"line":40,"column":19}},"20":{"start":{"line":43,"column":28},"end":{"line":46,"column":3}},"21":{"start":{"line":44,"column":4},"end":{"line":44,"column":31}},"22":{"start":{"line":44,"column":24},"end":{"line":44,"column":31}},"23":{"start":{"line":45,"column":4},"end":{"line":45,"column":69}},"24":{"start":{"line":48,"column":2},"end":{"line":104,"column":4}},"25":{"start":{"line":107,"column":15},"end":{"line":204,"column":2}},"26":{"start":{"line":206,"column":0},"end":{"line":206,"column":40}}},"fnMap":{"0":{"name":"(anonymous_9)","decl":{"start":{"line":18,"column":50},"end":{"line":18,"column":51}},"loc":{"start":{"line":18,"column":69},"end":{"line":105,"column":1}}},"1":{"name":"(anonymous_10)","decl":{"start":{"line":23,"column":23},"end":{"line":23,"column":26}},"loc":{"start":{"line":23,"column":28},"end":{"line":41,"column":3}}},"2":{"name":"(anonymous_11)","decl":{"start":{"line":43,"column":28},"end":{"line":43,"column":31}},"loc":{"start":{"line":43,"column":33},"end":{"line":46,"column":3}}}},"branchMap":{"0":{"loc":{"start":{"line":26,"column":4},"end":{"line":30,"column":5}},"type":"if","locations":[{"start":{"line":26,"column":4},"end":{"line":30,"column":5}}]},"1":{"loc":{"start":{"line":33,"column":4},"end":{"line":37,"column":5}},"type":"if","locations":[{"start":{"line":33,"column":4},"end":{"line":37,"column":5}}]},"2":{"loc":{"start":{"line":44,"column":4},"end":{"line":44,"column":31}},"type":"if","locations":[{"start":{"line":44,"column":4},"end":{"line":44,"column":31}}]},"3":{"loc":{"start":{"line":79,"column":11},"end":{"line":79,"column":65}},"type":"binary-expr","locations":[{"start":{"line":79,"column":11},"end":{"line":79,"column":16}},{"start":{"line":79,"column":20},"end":{"line":79,"column":65}}]},"4":{"loc":{"start":{"line":81,"column":11},"end":{"line":99,"column":null}},"type":"binary-expr","locations":[{"start":{"line":81,"column":11},"end":{"line":81,"column":24}},{"start":{"line":82,"column":12},"end":{"line":98,"column":null}}]}},"s":{"0":0,"1":0,"2":0,"3":0,"4":0,"5":0,"6":0,"7":0,"8":0,"9":0,"10":0,"11":0,"12":0,"13":0,"14":0,"15":0,"16":0,"17":0,"18":0,"19":0,"20":0,"21":0,"22":0,"23":0,"24":0,"25":0,"26":0},"f":{"0":0,"1":0,"2":0},"b":{"0":[0],"1":[0],"2":[0],"3":[0,0],"4":[0,0]}}
[...]
,"D:\\мед\\react-medguide\\src\\services\\tokenService.ts": {"path":"D:\\мед\\react-medguide\\src\\services\\tokenService.ts","statementMap":{"0":{"start":{"line":11,"column":0},"end":{"line":11,"column":69}},"1":{"start":{"line":12,"column":0},"end":{"line":12,"column":34}},"2":{"start":{"line":14,"column":18},"end":{"line":14,"column":39}},"3":{"start":{"line":15,"column":26},"end":{"line":15,"column":51}},"4":{"start":{"line":16,"column":25},"end":{"line":16,"column":49}},"5":{"start":{"line":38,"column":2},"end":{"line":54,"column":3}},"6":{"start":{"line":39,"column":18},"end":{"line":39,"column":34}},"7":{"start":{"line":40,"column":4},"end":{"line":42,"column":5}},"8":{"start":{"line":41,"column":6},"end":{"line":41,"column":18}},"9":{"start":{"line":44,"column":20},"end":{"line":45,"column":null}},"10":{"start":{"line":48,"column":4},"end":{"line":48,"column":35}},"11":{"start":{"line":50,"column":4},"end":{"line":52,"column":7}},"12":{"start":{"line":53,"column":4},"end":{"line":53,"column":16}},"13":{"start":{"line":61,"column":18},"end":{"line":61,"column":36}},"14":{"start":{"line":62,"column":2},"end":{"line":64,"column":3}},"15":{"start":{"line":63,"column":4},"end":{"line":63,"column":16}},"16":{"start":{"line":66,"column":14},"end":{"line":66,"column":43}},"17":{"start":{"line":67,"column":20},"end":{"line":67,"column":37}},"18":{"start":{"line":70,"column":2},"end":{"line":70,"column":24}},"19":{"start":{"line":78,"column":4},"end":{"line":112,"column":5}},"20":{"start":{"line":80,"column":22},"end":{"line":80,"column":56}},"21":{"start":{"line":82,"column":6},"end":{"line":106,"column":7}},"22":{"start":{"line":84,"column":8},"end":{"line":87,"column":11}},"23":{"start":{"line":89,"column":8},"end":{"line":91,"column":9}},"24":{"start":{"line":90,"column":10},"end":{"line":90,"column":80}},"25":{"start":{"line":93,"column":8},"end":{"line":96,"column":11}},"26":{"start":{"line":99,"column":8},"end":{"line":99,"column":69}},"27":{"start":{"line":101,"column":8},"end":{"line":103,"column":9}},"28":{"start":{"line":102,"column":10},"end":{"line":102,"column":80}},"29":{"start":{"line":105,"column":8},"end":{"line":105,"column":44}},"30":{"start":{"line":108,"column":6},"end":{"line":110,"column":9}},"31":{"start":{"line":111,"column":6},"end":{"line":111,"column":14}},"32":{"start":{"line":119,"column":4},"end":{"line":141,"column":5}},"33":{"start":{"line":120,"column":20},"end":{"line":120,"column":57}},"34":{"start":{"line":122,"column":6},"end":{"line":124,"column":7}},"35":{"start":{"line":123,"column":8},"end":{"line":123,"column":20}},"36":{"start":{"line":128,"column":22},"end":{"line":128,"column":40}},"37":{"start":{"line":129,"column":6},"end":{"line":133,"column":7}},"38":{"start":{"line":130,"column":8},"end":{"line":130,"column":41}},"39":{"start":{"line":131,"column":8},"end":{"line":131,"column":33}},"40":{"start":{"line":132,"column":8},"end":{"line":132,"column":20}},"41":{"start":{"line":135,"column":6},"end":{"line":135,"column":19}},"42":{"start":{"line":137,"column":6},"end":{"line":139,"column":9}},"43":{"start":{"line":140,"column":6},"end":{"line":140,"column":18}},"44":{"start":{"line":148,"column":4},"end":{"line":155,"column":5}},"45":{"start":{"line":149,"column":6},"end":{"line":149,"column":59}},"46":{"start":{"line":151,"column":6},"end":{"line":153,"column":9}},"47":{"start":{"line":154,"column":6},"end":{"line":154,"column":18}},"48":{"start":{"line":162,"column":4},"end":{"line":173,"column":5}},"49":{"start":{"line":163,"column":6},"end":{"line":167,"column":9}},"50":{"start":{"line":168,"column":6},"end":{"line":168,"column":41}},"51":{"start":{"line":170,"column":6},"end":{"line":172,"column":9}},"52":{"start":{"line":180,"column":18},"end":{"line":180,"column":55}},"53":{"start":{"line":181,"column":4},"end":{"line":183,"column":5}},"54":{"start":{"line":182,"column":6},"end":{"line":182,"column":19}},"55":{"start":{"line":186,"column":20},"end":{"line":186,"column":38}},"56":{"start":{"line":187,"column":4},"end":{"line":189,"column":5}},"57":{"start":{"line":188,"column":6},"end":{"line":188,"column":36}},"58":{"start":{"line":192,"column":4},"end":{"line":192,"column":16}},"59":{"start":{"line":199,"column":4},"end":{"line":199,"column":30}},"60":{"start":{"line":203,"column":13},"end":{"line":203,"column":47}}},"fnMap":{"0":{"name":"decodeToken","decl":{"start":{"line":37,"column":9},"end":{"line":37,"column":20}},"loc":{"start":{"line":37,"column":34},"end":{"line":55,"column":1}}},"1":{"name":"isTokenExpired","decl":{"start":{"line":60,"column":9},"end":{"line":60,"column":23}},"loc":{"start":{"line":60,"column":37},"end":{"line":71,"column":1}}},"2":{"name":"(anonymous_3)","decl":{"start":{"line":77,"column":2},"end":{"line":77,"column":7}},"loc":{"start":{"line":77,"column":38},"end":{"line":113,"column":3}}},"3":{"name":"(anonymous_4)","decl":{"start":{"line":118,"column":2},"end":{"line":118,"column":7}},"loc":{"start":{"line":118,"column":16},"end":{"line":142,"column":3}}},"4":{"name":"(anonymous_5)","decl":{"start":{"line":147,"column":2},"end":{"line":147,"column":7}},"loc":{"start":{"line":147,"column":23},"end":{"line":156,"column":3}}},"5":{"name":"(anonymous_6)","decl":{"start":{"line":161,"column":2},"end":{"line":161,"column":7}},"loc":{"start":{"line":161,"column":19},"end":{"line":174,"column":3}}},"6":{"name":"(anonymous_7)","decl":{"start":{"line":179,"column":2},"end":{"line":179,"column":7}},"loc":{"start":{"line":179,"column":21},"end":{"line":193,"column":3}}},"7":{"name":"(anonymous_8)","decl":{"start":{"line":198,"column":2},"end":{"line":198,"column":13}},"loc":{"start":{"line":198,"column":27},"end":{"line":200,"column":3}}}},"branchMap":{"0":{"loc":{"start":{"line":40,"column":4},"end":{"line":42,"column":5}},"type":"if","locations":[{"start":{"line":40,"column":4},"end":{"line":42,"column":5}}]},"1":{"loc":{"start":{"line":51,"column":13},"end":{"line":51,"column":55}},"type":"cond-expr","locations":[{"start":{"line":51,"column":34},"end":{"line":51,"column":43}},{"start":{"line":51,"column":46},"end":{"line":51,"column":55}}]},"2":{"loc":{"start":{"line":62,"column":2},"end":{"line":64,"column":3}},"type":"if","locations":[{"start":{"line":62,"column":2},"end":{"line":64,"column":3}}]},"3":{"loc":{"start":{"line":62,"column":6},"end":{"line":62,"column":30}},"type":"binary-expr","locations":[{"start":{"line":62,"column":6},"end":{"line":62,"column":14}},{"start":{"line":62,"column":18},"end":{"line":62,"column":30}}]},"4":{"loc":{"start":{"line":82,"column":6},"end":{"line":106,"column":7}},"type":"if","locations":[{"start":{"line":82,"column":6},"end":{"line":106,"column":7}},{"start":{"line":97,"column":13},"end":{"line":106,"column":7}}]},"5":{"loc":{"start":{"line":89,"column":8},"end":{"line":91,"column":9}},"type":"if","locations":[{"start":{"line":89,"column":8},"end":{"line":91,"column":9}}]},"6":{"loc":{"start":{"line":101,"column":8},"end":{"line":103,"column":9}},"type":"if","locations":[{"start":{"line":101,"column":8},"end":{"line":103,"column":9}}]},"7":{"loc":{"start":{"line":109,"column":15},"end":{"line":109,"column":57}},"type":"cond-expr","locations":[{"start":{"line":109,"column":36},"end":{"line":109,"column":45}},{"start":{"line":109,"column":48},"end":{"line":109,"column":57}}]},"8":{"loc":{"start":{"line":122,"column":6},"end":{"line":124,"column":7}},"type":"if","locations":[{"start":{"line":122,"column":6},"end":{"line":124,"column":7}}]},"9":{"loc":{"start":{"line":129,"column":6},"end":{"line":133,"column":7}},"type":"if","locations":[{"start":{"line":129,"column":6},"end":{"line":133,"column":7}}]},"10":{"loc":{"start":{"line":129,"column":10},"end":{"line":129,"column":42}},"type":"binary-expr","locations":[{"start":{"line":129,"column":10},"end":{"line":129,"column":17}},{"start":{"line":129,"column":21},"end":{"line":129,"column":42}}]},"11":{"loc":{"start":{"line":138,"column":15},"end":{"line":138,"column":57}},"type":"cond-expr","locations":[{"start":{"line":138,"column":36},"end":{"line":138,"column":45}},{"start":{"line":138,"column":48},"end":{"line":138,"column":57}}]},"12":{"loc":{"start":{"line":152,"column":15},"end":{"line":152,"column":57}},"type":"cond-expr","locations":[{"start":{"line":152,"column":36},"end":{"line":152,"column":45}},{"start":{"line":152,"column":48},"end":{"line":152,"column":57}}]},"13":{"loc":{"start":{"line":171,"column":15},"end":{"line":171,"column":57}},"type":"cond-expr","locations":[{"start":{"line":171,"column":36},"end":{"line":171,"column":45}},{"start":{"line":171,"column":48},"end":{"line":171,"column":57}}]},"14":{"loc":{"start":{"line":181,"column":4},"end":{"line":183,"column":5}},"type":"if","locations":[{"start":{"line":181,"column":4},"end":{"line":183,"column":5}}]},"15":{"loc":{"start":{"line":187,"column":4},"end":{"line":189,"column":5}},"type":"if","locations":[{"start":{"line":187,"column":4},"end":{"line":189,"column":5}}]}},"s":{"0":0,"1":0,"2":0,"3":0,"4":0,"5":0,"6":0,"7":0,"8":0,"9":0,"10":0,"11":0,"12":0,"13":0,"14":0,"15":0,"16":0,"17":0,"18":0,"19":0,"20":0,"21":0,"22":0,"23":0,"24":0,"25":0,"26":0,"27":0,"28":0,"29":0,"30":0,"31":0,"32":0,"33":0,"34":0,"35":0,"36":0,"37":0,"38":0,"39":0,"40":0,"41":0,"42":0,"43":0,"44":0,"45":0,"46":0,"47":0,"48":0,"49":0,"50":0,"51":0,"52":0,"53":0,"54":0,"55":0,"56":0,"57":0,"58":0,"59":0,"60":0},"f":{"0":0,"1":0,"2":0,"3":0,"4":0,"5":0,"6":0,"7":0},"b":{"0":[0],"1":[0,0],"2":[0],"3":[0,0],"4":[0,0],"5":[0],"6":[0],"7":[0,0],"8":[0],"9":[0],"10":[0,0],"11":[0,0],"12":[0,0],"13":[0,0],"14":[0],"15":[0]}}
,"D:\\мед\\react-medguide\\src\\storage\\authStorage.ts": {"path":"D:\\мед\\react-medguide\\src\\storage\\authStorage.ts","statementMap":{"0":{"start":{"line":2,"column":0},"end":{"line":2,"column":68}},"1":{"start":{"line":14,"column":28},"end":{"line":20,"column":1}},"2":{"start":{"line":15,"column":2},"end":{"line":19,"column":3}},"3":{"start":{"line":16,"column":4},"end":{"line":16,"column":null}},"4":{"start":{"line":14,"column":13},"end":{"line":14,"column":28}},"5":{"start":{"line":23,"column":28},"end":{"line":31,"column":1}},"6":{"start":{"line":24,"column":2},"end":{"line":30,"column":3}},"7":{"start":{"line":25,"column":17},"end":{"line":25,"column":56}},"8":{"start":{"line":26,"column":4},"end":{"line":26,"column":null}},"9":{"start":{"line":29,"column":4},"end":{"line":29,"column":null}},"10":{"start":{"line":23,"column":13},"end":{"line":23,"column":28}},"11":{"start":{"line":34,"column":29},"end":{"line":40,"column":1}},"12":{"start":{"line":35,"column":2},"end":{"line":39,"column":3}},"13":{"start":{"line":36,"column":4},"end":{"line":36,"column":null}},"14":{"start":{"line":34,"column":13},"end":{"line":34,"column":29}}},"fnMap":{"0":{"name":"(anonymous_1)","decl":{"start":{"line":14,"column":28},"end":{"line":14,"column":33}},"loc":{"start":{"line":14,"column":53},"end":{"line":20,"column":1}}},"1":{"name":"(anonymous_2)","decl":{"start":{"line":23,"column":28},"end":{"line":23,"column":33}},"loc":{"start":{"line":23,"column":65},"end":{"line":31,"column":1}}},"2":{"name":"(anonymous_3)","decl":{"start":{"line":34,"column":29},"end":{"line":34,"column":34}},"loc":{"start":{"line":34,"column":40},"end":{"line":40,"column":1}}}},"branchMap":{"0":{"loc":{"start":{"line":26,"column":11},"end":{"line":26,"column":41}},"type":"cond-expr","locations":[{"start":{"line":26,"column":18},"end":{"line":26,"column":34}},{"start":{"line":26,"column":37},"end":{"line":26,"column":41}}]}},"s":{"0":3,"1":3,"2":6,"3":6,"4":3,"5":3,"6":6,"7":6,"8":6,"9":0,"10":3,"11":3,"12":2,"13":2,"14":3},"f":{"0":6,"1":6,"2":2},"b":{"0":[3,3]}}
,"D:\\мед\\react-medguide\\src\\storage\\userStorage.ts": {"path":"D:\\мед\\react-medguide\\src\\storage\\userStorage.ts","statementMap":{"0":{"start":{"line":53,"column":0},"end":{"line":53,"column":7}},"1":{"start":{"line":65,"column":0},"end":{"line":65,"column":7}},"2":{"start":{"line":83,"column":0},"end":{"line":83,"column":7}},"3":{"start":{"line":97,"column":0},"end":{"line":97,"column":7}},"4":{"start":{"line":107,"column":0},"end":{"line":107,"column":7}},"5":{"start":{"line":2,"column":0},"end":{"line":2,"column":69}},"6":{"start":{"line":24,"column":25},"end":{"line":24,"column":38}},"7":{"start":{"line":28,"column":2},"end":{"line":31,"column":21}},"8":{"start":{"line":34,"column":21},"end":{"line":51,"column":1}},"9":{"start":{"line":38,"column":2},"end":{"line":50,"column":4}},"10":{"start":{"line":56,"column":2},"end":{"line":62,"column":3}},"11":{"start":{"line":57,"column":21},"end":{"line":57,"column":44}},"12":{"start":{"line":58,"column":23},"end":{"line":58,"column":54}},"13":{"start":{"line":59,"column":4},"end":{"line":59,"column":77}},"14":{"start":{"line":66,"column":2},"end":{"line":80,"column":3}},"15":{"start":{"line":67,"column":17},"end":{"line":67,"column":61}},"16":{"start":{"line":68,"column":4},"end":{"line":68,"column":27}},"17":{"start":{"line":68,"column":15},"end":{"line":68,"column":27}},"18":{"start":{"line":70,"column":16},"end":{"line":70,"column":56}},"19":{"start":{"line":71,"column":4},"end":{"line":76,"column":7}},"20":{"start":{"line":79,"column":4},"end":{"line":79,"column":16}},"21":{"start":{"line":86,"column":2},"end":{"line":94,"column":3}},"22":{"start":{"line":87,"column":20},"end":{"line":87,"column":43}},"23":{"start":{"line":88,"column":4},"end":{"line":88,"column":25}},"24":{"start":{"line":88,"column":18},"end":{"line":88,"column":25}},"25":{"start":{"line":90,"column":4},"end":{"line":90,"column":71}},"26":{"start":{"line":91,"column":4},"end":{"line":91,"column":35}},"27":{"start":{"line":98,"column":2},"end":{"line":104,"column":3}},"28":{"start":{"line":99,"column":20},"end":{"line":99,"column":43}},"29":{"start":{"line":100,"column":4},"end":{"line":100,"column":40}},"30":{"start":{"line":103,"column":4},"end":{"line":103,"column":14}},"31":{"start":{"line":108,"column":2},"end":{"line":112,"column":3}},"32":{"start":{"line":109,"column":4},"end":{"line":109,"column":52}}},"fnMap":{"0":{"name":"generateEmployeeId","decl":{"start":{"line":27,"column":9},"end":{"line":27,"column":27}},"loc":{"start":{"line":27,"column":27},"end":{"line":32,"column":1}}},"1":{"name":"(anonymous_2)","decl":{"start":{"line":34,"column":21},"end":{"line":34,"column":null}},"loc":{"start":{"line":37,"column":17},"end":{"line":51,"column":1}}},"2":{"name":"saveUserProfile","decl":{"start":{"line":53,"column":22},"end":{"line":53,"column":37}},"loc":{"start":{"line":54,"column":31},"end":{"line":63,"column":1}}},"3":{"name":"loadUserProfile","decl":{"start":{"line":65,"column":22},"end":{"line":65,"column":37}},"loc":{"start":{"line":65,"column":37},"end":{"line":81,"column":1}}},"4":{"name":"addIssuedRecord","decl":{"start":{"line":83,"column":22},"end":{"line":83,"column":37}},"loc":{"start":{"line":84,"column":30},"end":{"line":95,"column":1}}},"5":{"name":"getIssuedHistory","decl":{"start":{"line":97,"column":22},"end":{"line":97,"column":38}},"loc":{"start":{"line":97,"column":38},"end":{"line":105,"column":1}}},"6":{"name":"clearUserProfile","decl":{"start":{"line":107,"column":22},"end":{"line":107,"column":38}},"loc":{"start":{"line":107,"column":38},"end":{"line":113,"column":1}}}},"branchMap":{"0":{"loc":{"start":{"line":39,"column":10},"end":{"line":39,"column":48}},"type":"binary-expr","locations":[{"start":{"line":39,"column":10},"end":{"line":39,"column":24}},{"start":{"line":39,"column":28},"end":{"line":39,"column":42}},{"start":{"line":39,"column":46},"end":{"line":39,"column":48}}]},"1":{"loc":{"start":{"line":40,"column":13},"end":{"line":40,"column":60}},"type":"binary-expr","locations":[{"start":{"line":40,"column":13},"end":{"line":40,"column":30}},{"start":{"line":40,"column":34},"end":{"line":40,"column":51}},{"start":{"line":40,"column":55},"end":{"line":40,"column":60}}]},"2":{"loc":{"start":{"line":41,"column":15},"end":{"line":41,"column":65}},"type":"binary-expr","locations":[{"start":{"line":41,"column":15},"end":{"line":41,"column":34}},{"start":{"line":41,"column":38},"end":{"line":41,"column":57}},{"start":{"line":41,"column":61},"end":{"line":41,"column":65}}]},"3":{"loc":{"start":{"line":42,"column":15},"end":{"line":42,"column":71}},"type":"binary-expr","locations":[{"start":{"line":42,"column":15},"end":{"line":42,"column":34}},{"start":{"line":42,"column":38},"end":{"line":42,"column":57}},{"start":{"line":42,"column":61},"end":{"line":42,"column":71}}]},"4":{"loc":{"start":{"line":44,"column":6},"end":{"line":44,"column":74}},"type":"binary-expr","locations":[{"start":{"line":44,"column":6},"end":{"line":44,"column":26}},{"start":{"line":44,"column":30},"end":{"line":44,"column":50}},{"start":{"line":44,"column":54},"end":{"line":44,"column":74}}]},"5":{"loc":{"start":{"line":45,"column":18},"end":{"line":45,"column":72}},"type":"binary-expr","locations":[{"start":{"line":45,"column":18},"end":{"line":45,"column":40}},{"start":{"line":45,"column":44},"end":{"line":45,"column":66}},{"start":{"line":45,"column":70},"end":{"line":45,"column":72}}]},"6":{"loc":{"start":{"line":47,"column":6},"end":{"line":49,"column":36}},"type":"binary-expr","locations":[{"start":{"line":47,"column":6},"end":{"line":47,"column":29}},{"start":{"line":48,"column":6},"end":{"line":48,"column":29}},{"start":{"line":49,"column":7},"end":{"line":49,"column":36}}]},"7":{"loc":{"start":{"line":68,"column":4},"end":{"line":68,"column":27}},"type":"if","locations":[{"start":{"line":68,"column":4},"end":{"line":68,"column":27}}]},"8":{"loc":{"start":{"line":73,"column":21},"end":{"line":75,"column":12}},"type":"cond-expr","locations":[{"start":{"line":74,"column":10},"end":{"line":74,"column":28}},{"start":{"line":75,"column":10},"end":{"line":75,"column":12}}]},"9":{"loc":{"start":{"line":88,"column":4},"end":{"line":88,"column":25}},"type":"if","locations":[{"start":{"line":88,"column":4},"end":{"line":88,"column":25}}]},"10":{"loc":{"start":{"line":90,"column":41},"end":{"line":90,"column":68}},"type":"binary-expr","locations":[{"start":{"line":90,"column":41},"end":{"line":90,"column":62}},{"start":{"line":90,"column":66},"end":{"line":90,"column":68}}]},"11":{"loc":{"start":{"line":100,"column":11},"end":{"line":100,"column":39}},"type":"binary-expr","locations":[{"start":{"line":100,"column":11},"end":{"line":100,"column":33}},{"start":{"line":100,"column":37},"end":{"line":100,"column":39}}]}},"s":{"0":1,"1":1,"2":1,"3":1,"4":1,"5":1,"6":1,"7":5,"8":1,"9":15,"10":7,"11":7,"12":7,"13":7,"14":15,"15":15,"16":15,"17":7,"18":8,"19":8,"20":0,"21":1,"22":1,"23":1,"24":0,"25":1,"26":1,"27":2,"28":2,"29":2,"30":0,"31":1,"32":1},"f":{"0":5,"1":15,"2":7,"3":15,"4":1,"5":2,"6":1},"b":{"0":[15,0,0],"1":[15,4,3],"2":[15,15,15],"3":[15,4,3],"4":[15,6,5],"5":[15,4,3],"6":[15,6,5],"7":[7],"8":[8,0],"9":[0],"10":[1,0],"11":[2,1]}}
}
