TN:
SF:src\api\authApi.ts
FN:40,registerUser
FN:45,loginUser
FN:51,getProfile
FN:57,updateProfile
FN:63,getIssuedMedicines
FN:69,addIssuedMedicine
FN:78,requestPasswordReset
FN:84,confirmPasswordReset
FNF:8
FNH:0
FNDA:0,registerUser
FNDA:0,loginUser
FNDA:0,getProfile
FNDA:0,updateProfile
FNDA:0,getIssuedMedicines
FNDA:0,addIssuedMedicine
FNDA:0,requestPasswordReset
FNDA:0,confirmPasswordReset
DA:2,0
DA:40,0
DA:41,0
DA:42,0
DA:45,0
DA:46,0
DA:47,0
DA:51,0
DA:52,0
DA:53,0
DA:57,0
DA:58,0
DA:59,0
DA:63,0
DA:64,0
DA:65,0
DA:69,0
DA:70,0
DA:74,0
DA:78,0
DA:79,0
DA:80,0
DA:84,0
DA:85,0
DA:90,0
LF:25
LH:0
BRF:0
BRH:0
end_of_record
TN:
SF:src\api\client.tsx
FN:16,(anonymous_1)
FN:63,(anonymous_2)
FN:81,(anonymous_3)
FN:91,(anonymous_4)
FN:98,(anonymous_5)
FNF:5
FNH:0
FNDA:0,(anonymous_1)
FNDA:0,(anonymous_2)
FNDA:0,(anonymous_3)
FNDA:0,(anonymous_4)
FNDA:0,(anonymous_5)
DA:2,0
DA:3,0
DA:4,0
DA:5,0
DA:16,0
DA:18,0
DA:19,0
DA:22,0
DA:26,0
DA:29,0
DA:30,0
DA:32,0
DA:34,0
DA:35,0
DA:37,0
DA:42,0
DA:45,0
DA:47,0
DA:53,0
DA:62,0
DA:66,0
DA:67,0
DA:68,0
DA:69,0
DA:74,0
DA:79,0
DA:82,0
DA:85,0
DA:90,0
DA:92,0
DA:96,0
DA:99,0
DA:104,0
LF:33
LH:0
BRDA:18,0,0,0
BRDA:26,1,0,0
BRDA:30,2,0,0
BRDA:30,2,1,0
BRDA:34,3,0,0
BRDA:34,3,1,0
BRDA:50,4,0,0
BRDA:50,4,1,0
BRDA:67,5,0,0
BRDA:83,6,0,0
BRDA:83,6,1,0
BRF:11
BRH:0
end_of_record
TN:
SF:src\api\config.ts
FNF:0
FNH:0
DA:1,0
DA:3,0
LF:2
LH:0
BRF:0
BRH:0
end_of_record
TN:
SF:src\api\instructionsApi.ts
FN:13,fetchInstructions
FN:48,fetchInstructionById
FNF:2
FNH:0
FNDA:0,fetchInstructions
FNDA:0,fetchInstructionById
DA:2,0
DA:3,0
DA:4,0
DA:13,0
DA:14,0
DA:16,0
DA:17,0
DA:18,0
DA:21,0
DA:22,0
DA:24,0
DA:25,0
DA:26,0
DA:30,0
DA:33,0
DA:36,0
DA:38,0
DA:39,0
DA:41,0
DA:44,0
DA:48,0
DA:49,0
DA:51,0
DA:52,0
DA:53,0
DA:54,0
DA:57,0
DA:58,0
DA:60,0
DA:61,0
DA:62,0
DA:67,0
DA:70,0
DA:73,0
DA:75,0
DA:76,0
DA:78,0
DA:82,0
LF:38
LH:0
BRDA:17,0,0,0
BRDA:24,1,0,0
BRDA:42,2,0,0
BRDA:42,2,1,0
BRDA:53,3,0,0
BRDA:60,4,0,0
BRDA:80,5,0,0
BRDA:80,5,1,0
BRF:8
BRH:0
end_of_record
TN:
SF:src\api\medicinesApi.ts
FN:5,(anonymous_0)
FN:8,(anonymous_1)
FN:11,(anonymous_2)
FN:15,(anonymous_3)
FN:19,(anonymous_4)
FNF:5
FNH:0
FNDA:0,(anonymous_0)
FNDA:0,(anonymous_1)
FNDA:0,(anonymous_2)
FNDA:0,(anonymous_3)
FNDA:0,(anonymous_4)
DA:1,0
DA:3,0
DA:5,0
DA:8,0
DA:12,0
DA:16,0
DA:19,0
LF:7
LH:0
BRF:0
BRH:0
end_of_record
TN:
SF:src\config\apiConfig.ts
FNF:0
FNH:0
DA:4,0
DA:8,0
DA:11,0
DA:14,0
DA:17,0
LF:5
LH:0
BRDA:5,0,0,0
BRDA:5,0,1,0
BRF:2
BRH:0
end_of_record
TN:
SF:src\db\database.ts
FN:10,getDb
FN:24,resetDbCache
FN:32,executeRun
FN:58,executeSelect
FN:77,initDb
FNF:5
FNH:5
FNDA:10,getDb
FNDA:12,resetDbCache
FNDA:4,executeRun
FNDA:3,executeSelect
FNDA:1,initDb
DA:2,4
DA:5,4
DA:7,4
DA:10,4
DA:11,10
DA:12,9
DA:14,0
DA:18,9
DA:20,10
DA:24,4
DA:25,12
DA:32,4
DA:36,4
DA:37,4
DA:39,4
DA:41,2
DA:42,2
DA:45,2
DA:47,1
DA:48,1
DA:51,1
DA:58,4
DA:62,3
DA:63,3
DA:65,3
DA:66,2
DA:68,2
DA:71,1
DA:77,4
DA:78,1
LF:30
LH:29
BRDA:11,0,0,9
BRDA:12,1,0,0
BRDA:34,2,0,1
BRDA:39,3,0,2
BRDA:45,4,0,1
BRDA:60,5,0,2
BRDA:65,6,0,2
BRF:7
BRH:6
end_of_record
TN:
SF:src\db\medicines.ts
FN:456,(anonymous_0)
FN:458,(anonymous_1)
FN:460,(anonymous_2)
FN:462,(anonymous_3)
FN:471,(anonymous_4)
FN:473,(anonymous_5)
FN:475,(anonymous_6)
FN:478,(anonymous_7)
FN:482,(anonymous_8)
FN:490,(anonymous_9)
FNF:10
FNH:10
FNDA:78,(anonymous_0)
FNDA:78,(anonymous_1)
FNDA:78,(anonymous_2)
FNDA:78,(anonymous_3)
FNDA:21,(anonymous_4)
FNDA:14,(anonymous_5)
FNDA:133,(anonymous_6)
FNDA:7,(anonymous_7)
FNDA:197,(anonymous_8)
FNDA:3,(anonymous_9)
DA:3,2
DA:5,2
DA:24,2
DA:456,78
DA:458,78
DA:460,78
DA:462,2
DA:463,78
DA:464,78
DA:471,21
DA:473,2
DA:474,14
DA:475,133
DA:478,2
DA:479,7
DA:481,7
DA:482,197
DA:484,7
DA:485,2
DA:488,5
DA:489,5
DA:490,3
DA:493,2
LF:23
LH:23
BRDA:484,0,0,2
BRDA:489,1,0,3
BRF:2
BRH:2
end_of_record
TN:
SF:src\hooks\useInstructions.ts
FN:8,useInstructions
FN:13,(anonymous_1)
FN:16,(anonymous_2)
FN:39,(anonymous_3)
FNF:4
FNH:0
FNDA:0,useInstructions
FNDA:0,(anonymous_1)
FNDA:0,(anonymous_2)
FNDA:0,(anonymous_3)
DA:5,0
DA:6,0
DA:8,0
DA:9,0
DA:10,0
DA:11,0
DA:13,0
DA:14,0
DA:16,0
DA:17,0
DA:18,0
DA:20,0
DA:21,0
DA:23,0
DA:24,0
DA:27,0
DA:28,0
DA:31,0
DA:32,0
DA:37,0
DA:39,0
DA:40,0
DA:44,0
LF:23
LH:0
BRDA:23,0,0,0
BRDA:27,1,0,0
BRDA:31,2,0,0
BRF:3
BRH:0
end_of_record
TN:
SF:src\hooks\useIssuedMedicines.ts
FN:9,(anonymous_0)
FN:14,(anonymous_1)
FN:30,(anonymous_2)
FN:48,(anonymous_3)
FNF:4
FNH:0
FNDA:0,(anonymous_0)
FNDA:0,(anonymous_1)
FNDA:0,(anonymous_2)
FNDA:0,(anonymous_3)
DA:1,0
DA:2,0
DA:7,0
DA:9,0
DA:10,0
DA:11,0
DA:12,0
DA:14,0
DA:15,0
DA:16,0
DA:17,0
DA:18,0
DA:19,0
DA:22,0
DA:23,0
DA:24,0
DA:26,0
DA:30,0
DA:31,0
DA:32,0
DA:33,0
DA:34,0
DA:35,0
DA:36,0
DA:39,0
DA:40,0
DA:41,0
DA:42,0
DA:44,0
DA:48,0
DA:49,0
DA:52,0
LF:32
LH:0
BRDA:22,0,0,0
BRDA:22,0,1,0
BRDA:39,1,0,0
BRDA:39,1,1,0
BRF:4
BRH:0
end_of_record
TN:
SF:src\hooks\useMedicines.ts
FN:19,(anonymous_0)
FN:24,(anonymous_1)
FN:40,(anonymous_2)
FN:56,(anonymous_3)
FN:75,(anonymous_4)
FN:92,(anonymous_5)
FNF:6
FNH:0
FNDA:0,(anonymous_0)
FNDA:0,(anonymous_1)
FNDA:0,(anonymous_2)
FNDA:0,(anonymous_3)
FNDA:0,(anonymous_4)
FNDA:0,(anonymous_5)
DA:1,0
DA:2,0
DA:3,0
DA:19,0
DA:20,0
DA:21,0
DA:22,0
DA:24,0
DA:25,0
DA:26,0
DA:27,0
DA:28,0
DA:29,0
DA:32,0
DA:33,0
DA:34,0
DA:36,0
DA:40,0
DA:41,0
DA:42,0
DA:43,0
DA:44,0
DA:45,0
DA:48,0
DA:49,0
DA:50,0
DA:52,0
DA:56,0
DA:59,0
DA:60,0
DA:61,0
DA:62,0
DA:63,0
DA:66,0
DA:67,0
DA:68,0
DA:69,0
DA:71,0
DA:75,0
DA:76,0
DA:77,0
DA:78,0
DA:79,0
DA:80,0
DA:83,0
DA:84,0
DA:85,0
DA:86,0
DA:88,0
DA:92,0
DA:93,0
DA:96,0
LF:52
LH:0
BRDA:32,0,0,0
BRDA:32,0,1,0
BRDA:48,1,0,0
BRDA:48,1,1,0
BRDA:66,2,0,0
BRDA:66,2,1,0
BRDA:83,3,0,0
BRDA:83,3,1,0
BRF:8
BRH:0
end_of_record
TN:
SF:src\navigation\AppNavigation.tsx
FN:40,(anonymous_1)
FNF:1
FNH:0
FNDA:0,(anonymous_1)
DA:2,0
DA:3,0
DA:6,0
DA:7,0
DA:8,0
DA:9,0
DA:10,0
DA:11,0
DA:12,0
DA:13,0
DA:14,0
DA:15,0
DA:16,0
DA:17,0
DA:18,0
DA:19,0
DA:38,0
DA:40,0
DA:41,0
DA:133,0
LF:20
LH:0
BRF:0
BRH:0
end_of_record
TN:
SF:src\screens\ChatScreen.tsx
FN:29,(anonymous_10)
FN:35,(anonymous_11)
FN:38,(anonymous_12)
FN:57,(anonymous_13)
FN:62,(anonymous_14)
FN:70,(anonymous_15)
FN:81,(anonymous_16)
FN:91,(anonymous_17)
FN:117,(anonymous_18)
FNF:9
FNH:0
FNDA:0,(anonymous_10)
FNDA:0,(anonymous_11)
FNDA:0,(anonymous_12)
FNDA:0,(anonymous_13)
FNDA:0,(anonymous_14)
FNDA:0,(anonymous_15)
FNDA:0,(anonymous_16)
FNDA:0,(anonymous_17)
FNDA:0,(anonymous_18)
DA:2,0
DA:3,0
DA:13,0
DA:16,0
DA:27,0
DA:29,0
DA:30,0
DA:31,0
DA:32,0
DA:35,0
DA:36,0
DA:38,0
DA:39,0
DA:40,0
DA:42,0
DA:43,0
DA:45,0
DA:46,0
DA:47,0
DA:54,0
DA:57,0
DA:58,0
DA:62,0
DA:63,0
DA:64,0
DA:70,0
DA:71,0
DA:72,0
DA:74,0
DA:81,0
DA:82,0
DA:84,0
DA:85,0
DA:88,0
DA:91,0
DA:92,0
DA:102,0
DA:106,0
DA:117,0
DA:139,0
DA:215,0
LF:41
LH:0
BRDA:40,0,0,0
BRDA:43,1,0,0
BRDA:43,2,0,0
BRDA:43,2,1,0
BRDA:47,3,0,0
BRDA:72,4,0,0
BRDA:95,5,0,0
BRDA:95,5,1,0
BRDA:102,6,0,0
BRDA:102,6,1,0
BRDA:109,7,0,0
BRDA:109,7,1,0
BRF:12
BRH:0
end_of_record
TN:
SF:src\screens\HomeScreen.tsx
FN:10,(anonymous_9)
FN:13,(anonymous_10)
FN:14,(anonymous_11)
FN:41,(anonymous_12)
FN:60,(anonymous_13)
FN:74,(anonymous_14)
FN:94,(anonymous_15)
FNF:7
FNH:0
FNDA:0,(anonymous_9)
FNDA:0,(anonymous_10)
FNDA:0,(anonymous_11)
FNDA:0,(anonymous_12)
FNDA:0,(anonymous_13)
FNDA:0,(anonymous_14)
FNDA:0,(anonymous_15)
DA:2,0
DA:3,0
DA:6,0
DA:10,0
DA:11,0
DA:13,0
DA:14,0
DA:15,0
DA:16,0
DA:19,0
DA:20,0
DA:23,0
DA:27,0
DA:41,0
DA:60,0
DA:74,0
DA:94,0
DA:116,0
DA:221,0
LF:19
LH:0
BRDA:23,0,0,0
BRDA:23,0,1,0
BRF:2
BRH:0
end_of_record
TN:
SF:src\screens\InstructionDetailsScreen.tsx
FN:17,(anonymous_9)
FN:23,(anonymous_10)
FN:26,(anonymous_11)
FN:50,(anonymous_12)
FN:73,(anonymous_13)
FN:89,(anonymous_14)
FN:102,(anonymous_15)
FNF:7
FNH:0
FNDA:0,(anonymous_9)
FNDA:0,(anonymous_10)
FNDA:0,(anonymous_11)
FNDA:0,(anonymous_12)
FNDA:0,(anonymous_13)
FNDA:0,(anonymous_14)
FNDA:0,(anonymous_15)
DA:2,0
DA:3,0
DA:13,0
DA:17,0
DA:18,0
DA:19,0
DA:20,0
DA:21,0
DA:23,0
DA:24,0
DA:26,0
DA:27,0
DA:28,0
DA:30,0
DA:31,0
DA:32,0
DA:33,0
DA:37,0
DA:38,0
DA:41,0
DA:42,0
DA:47,0
DA:50,0
DA:51,0
DA:55,0
DA:56,0
DA:66,0
DA:67,0
DA:73,0
DA:82,0
DA:83,0
DA:89,0
DA:98,0
DA:102,0
DA:120,0
DA:213,0
LF:36
LH:0
BRDA:32,0,0,0
BRDA:37,1,0,0
BRDA:41,2,0,0
BRDA:55,3,0,0
BRDA:66,4,0,0
BRDA:82,5,0,0
BRF:6
BRH:0
end_of_record
TN:
SF:src\screens\InstructionsListScreen.tsx
FN:19,(anonymous_9)
FN:25,(anonymous_10)
FN:26,(anonymous_11)
FN:46,(anonymous_12)
FN:47,(anonymous_13)
FN:66,(anonymous_14)
FN:109,(anonymous_15)
FN:110,(anonymous_16)
FN:111,(anonymous_17)
FN:114,(anonymous_18)
FNF:10
FNH:0
FNDA:0,(anonymous_9)
FNDA:0,(anonymous_10)
FNDA:0,(anonymous_11)
FNDA:0,(anonymous_12)
FNDA:0,(anonymous_13)
FNDA:0,(anonymous_14)
FNDA:0,(anonymous_15)
FNDA:0,(anonymous_16)
FNDA:0,(anonymous_17)
FNDA:0,(anonymous_18)
DA:2,0
DA:3,0
DA:11,0
DA:14,0
DA:19,0
DA:20,0
DA:21,0
DA:22,0
DA:25,0
DA:26,0
DA:27,0
DA:28,0
DA:30,0
DA:31,0
DA:32,0
DA:35,0
DA:37,0
DA:41,0
DA:45,0
DA:47,0
DA:48,0
DA:49,0
DA:51,0
DA:52,0
DA:53,0
DA:56,0
DA:58,0
DA:62,0
DA:66,0
DA:67,0
DA:73,0
DA:74,0
DA:84,0
DA:85,0
DA:94,0
DA:95,0
DA:104,0
DA:109,0
DA:110,0
DA:112,0
DA:114,0
DA:133,0
DA:215,0
LF:43
LH:0
BRDA:73,0,0,0
BRDA:84,1,0,0
BRDA:94,2,0,0
BRF:3
BRH:0
end_of_record
TN:
SF:src\screens\IssuedHistoryScreen.tsx
FN:19,(anonymous_9)
FN:24,(anonymous_10)
FN:25,(anonymous_11)
FN:41,(anonymous_12)
FN:42,(anonymous_13)
FN:55,(anonymous_14)
FN:92,(anonymous_15)
FN:107,(anonymous_16)
FN:141,(anonymous_17)
FN:144,(anonymous_18)
FNF:10
FNH:0
FNDA:0,(anonymous_9)
FNDA:0,(anonymous_10)
FNDA:0,(anonymous_11)
FNDA:0,(anonymous_12)
FNDA:0,(anonymous_13)
FNDA:0,(anonymous_14)
FNDA:0,(anonymous_15)
FNDA:0,(anonymous_16)
FNDA:0,(anonymous_17)
FNDA:0,(anonymous_18)
DA:2,0
DA:3,0
DA:11,0
DA:14,0
DA:15,0
DA:19,0
DA:20,0
DA:21,0
DA:24,0
DA:25,0
DA:26,0
DA:27,0
DA:28,0
DA:32,0
DA:36,0
DA:40,0
DA:42,0
DA:43,0
DA:44,0
DA:47,0
DA:48,0
DA:51,0
DA:52,0
DA:55,0
DA:66,0
DA:67,0
DA:68,0
DA:72,0
DA:73,0
DA:75,0
DA:84,0
DA:88,0
DA:92,0
DA:93,0
DA:94,0
DA:95,0
DA:103,0
DA:107,0
DA:108,0
DA:122,0
DA:123,0
DA:130,0
DA:141,0
DA:144,0
DA:151,0
DA:218,0
LF:46
LH:0
BRDA:61,0,0,0
BRDA:61,0,1,0
BRDA:62,1,0,0
BRDA:62,1,1,0
BRDA:67,2,0,0
BRDA:67,2,1,0
BRDA:114,3,0,0
BRDA:114,3,1,0
BRDA:114,3,2,0
BRDA:116,4,0,0
BRDA:116,4,1,0
BRDA:116,5,0,0
BRDA:116,5,1,0
BRDA:122,6,0,0
BRDA:132,7,0,0
BRDA:132,7,1,0
BRF:16
BRH:0
end_of_record
TN:
SF:src\screens\LoginScreen.tsx
FN:21,(anonymous_9)
FN:26,(anonymous_10)
FN:127,(anonymous_11)
FN:136,(anonymous_12)
FNF:4
FNH:0
FNDA:0,(anonymous_9)
FNDA:0,(anonymous_10)
FNDA:0,(anonymous_11)
FNDA:0,(anonymous_12)
DA:2,0
DA:3,0
DA:15,0
DA:16,0
DA:17,0
DA:21,0
DA:22,0
DA:23,0
DA:24,0
DA:26,0
DA:27,0
DA:28,0
DA:29,0
DA:32,0
DA:33,0
DA:36,0
DA:37,0
DA:40,0
DA:41,0
DA:48,0
DA:51,0
DA:61,0
DA:63,0
DA:64,0
DA:65,0
DA:66,0
DA:68,0
DA:71,0
DA:75,0
DA:127,0
DA:136,0
DA:148,0
DA:228,0
LF:33
LH:0
BRDA:27,0,0,0
BRDA:27,1,0,0
BRDA:27,1,1,0
BRDA:40,2,0,0
BRDA:52,3,0,0
BRDA:52,3,1,0
BRDA:53,4,0,0
BRDA:53,4,1,0
BRDA:54,5,0,0
BRDA:54,5,1,0
BRDA:55,6,0,0
BRDA:55,6,1,0
BRDA:56,7,0,0
BRDA:56,7,1,0
BRDA:57,8,0,0
BRDA:57,8,1,0
BRDA:63,9,0,0
BRDA:63,9,1,0
BRDA:65,10,0,0
BRDA:65,10,1,0
BRDA:114,11,0,0
BRDA:114,11,1,0
BRDA:120,12,0,0
BRDA:120,12,1,0
BRF:24
BRH:0
end_of_record
TN:
SF:src\screens\MedicineCodeSearchScreen.tsx
FN:18,(anonymous_9)
FN:23,(anonymous_10)
FN:43,(anonymous_11)
FNF:3
FNH:0
FNDA:0,(anonymous_9)
FNDA:0,(anonymous_10)
FNDA:0,(anonymous_11)
DA:2,0
DA:3,0
DA:14,0
DA:18,0
DA:19,0
DA:20,0
DA:21,0
DA:23,0
DA:24,0
DA:26,0
DA:27,0
DA:28,0
DA:29,0
DA:32,0
DA:33,0
DA:34,0
DA:35,0
DA:36,0
DA:39,0
DA:40,0
DA:43,0
DA:44,0
DA:45,0
DA:48,0
DA:107,0
DA:206,0
LF:26
LH:0
BRDA:26,0,0,0
BRDA:33,1,0,0
BRDA:44,2,0,0
BRDA:79,3,0,0
BRDA:79,3,1,0
BRDA:81,4,0,0
BRDA:81,4,1,0
BRF:7
BRH:0
end_of_record
TN:
SF:src\screens\MedicineDetailsScreen.tsx
FN:36,(anonymous_10)
FN:47,(anonymous_11)
FN:48,(anonymous_12)
FN:60,(anonymous_13)
FN:89,(anonymous_14)
FN:90,(anonymous_15)
FN:110,(anonymous_16)
FN:111,(anonymous_17)
FN:164,(anonymous_18)
FN:172,(anonymous_19)
FN:345,(anonymous_20)
FN:360,(anonymous_21)
FNF:12
FNH:0
FNDA:0,(anonymous_10)
FNDA:0,(anonymous_11)
FNDA:0,(anonymous_12)
FNDA:0,(anonymous_13)
FNDA:0,(anonymous_14)
FNDA:0,(anonymous_15)
FNDA:0,(anonymous_16)
FNDA:0,(anonymous_17)
FNDA:0,(anonymous_18)
FNDA:0,(anonymous_19)
FNDA:0,(anonymous_20)
FNDA:0,(anonymous_21)
DA:2,0
DA:3,0
DA:12,0
DA:13,0
DA:14,0
DA:17,0
DA:18,0
DA:23,0
DA:24,0
DA:25,0
DA:34,0
DA:36,0
DA:37,0
DA:39,0
DA:40,0
DA:41,0
DA:42,0
DA:43,0
DA:44,0
DA:47,0
DA:48,0
DA:49,0
DA:50,0
DA:53,0
DA:54,0
DA:55,0
DA:56,0
DA:57,0
DA:60,0
DA:61,0
DA:62,0
DA:80,0
DA:84,0
DA:88,0
DA:90,0
DA:91,0
DA:93,0
DA:94,0
DA:95,0
DA:96,0
DA:97,0
DA:106,0
DA:110,0
DA:111,0
DA:112,0
DA:113,0
DA:114,0
DA:116,0
DA:117,0
DA:118,0
DA:119,0
DA:126,0
DA:127,0
DA:131,0
DA:132,0
DA:142,0
DA:143,0
DA:153,0
DA:158,0
DA:161,0
DA:162,0
DA:164,0
DA:165,0
DA:166,0
DA:167,0
DA:168,0
DA:169,0
DA:172,0
DA:173,0
DA:174,0
DA:175,0
DA:177,0
DA:178,0
DA:179,0
DA:183,0
DA:185,0
DA:188,0
DA:189,0
DA:190,0
DA:193,0
DA:194,0
DA:195,0
DA:196,0
DA:197,0
DA:199,0
DA:203,0
DA:204,0
DA:205,0
DA:208,0
DA:212,0
DA:213,0
DA:215,0
DA:220,0
DA:225,0
DA:231,0
DA:232,0
DA:233,0
DA:242,0
DA:246,0
DA:247,0
DA:257,0
DA:258,0
DA:260,0
DA:265,0
DA:267,0
DA:268,0
DA:272,0
DA:345,0
DA:360,0
DA:397,0
DA:563,0
LF:111
LH:0
BRDA:61,0,0,0
BRDA:114,1,0,0
BRDA:118,2,0,0
BRDA:126,3,0,0
BRDA:131,4,0,0
BRDA:142,5,0,0
BRDA:153,6,0,0
BRDA:153,6,1,0
BRDA:153,7,0,0
BRDA:153,7,1,0
BRDA:158,8,0,0
BRDA:158,8,1,0
BRDA:158,9,0,0
BRDA:158,9,1,0
BRDA:167,10,0,0
BRDA:168,11,0,0
BRDA:173,12,0,0
BRDA:177,13,0,0
BRDA:183,14,0,0
BRDA:195,15,0,0
BRDA:208,16,0,0
BRDA:208,16,1,0
BRDA:208,17,0,0
BRDA:208,17,1,0
BRDA:232,18,0,0
BRDA:314,19,0,0
BRDA:314,19,1,0
BRDA:324,20,0,0
BRDA:324,20,1,0
BRDA:343,21,0,0
BRDA:343,21,1,0
BRDA:358,22,0,0
BRDA:358,22,1,0
BRDA:372,23,0,0
BRDA:372,23,1,0
BRDA:372,23,2,0
BRDA:372,23,3,0
BRDA:376,24,0,0
BRDA:376,24,1,0
BRDA:376,24,2,0
BRDA:379,25,0,0
BRDA:379,25,1,0
BRF:42
BRH:0
end_of_record
TN:
SF:src\screens\MedicinesListScreen.tsx
FN:23,(anonymous_9)
FN:32,(anonymous_10)
FN:33,(anonymous_11)
FN:46,(anonymous_12)
FN:74,(anonymous_13)
FN:75,(anonymous_14)
FN:97,(anonymous_15)
FN:98,(anonymous_16)
FN:102,(anonymous_17)
FN:105,(anonymous_18)
FN:107,(anonymous_19)
FN:109,(anonymous_20)
FN:120,(anonymous_21)
FN:127,(anonymous_22)
FN:158,(anonymous_23)
FN:167,(anonymous_24)
FN:207,(anonymous_25)
FN:207,(anonymous_26)
FNF:18
FNH:0
FNDA:0,(anonymous_9)
FNDA:0,(anonymous_10)
FNDA:0,(anonymous_11)
FNDA:0,(anonymous_12)
FNDA:0,(anonymous_13)
FNDA:0,(anonymous_14)
FNDA:0,(anonymous_15)
FNDA:0,(anonymous_16)
FNDA:0,(anonymous_17)
FNDA:0,(anonymous_18)
FNDA:0,(anonymous_19)
FNDA:0,(anonymous_20)
FNDA:0,(anonymous_21)
FNDA:0,(anonymous_22)
FNDA:0,(anonymous_23)
FNDA:0,(anonymous_24)
FNDA:0,(anonymous_25)
FNDA:0,(anonymous_26)
DA:2,0
DA:3,0
DA:14,0
DA:17,0
DA:18,0
DA:19,0
DA:23,0
DA:24,0
DA:25,0
DA:26,0
DA:27,0
DA:28,0
DA:29,0
DA:32,0
DA:33,0
DA:34,0
DA:35,0
DA:36,0
DA:39,0
DA:40,0
DA:41,0
DA:42,0
DA:43,0
DA:46,0
DA:59,0
DA:60,0
DA:63,0
DA:65,0
DA:69,0
DA:73,0
DA:75,0
DA:76,0
DA:78,0
DA:79,0
DA:80,0
DA:81,0
DA:82,0
DA:83,0
DA:92,0
DA:97,0
DA:98,0
DA:99,0
DA:102,0
DA:105,0
DA:107,0
DA:108,0
DA:109,0
DA:111,0
DA:113,0
DA:114,0
DA:119,0
DA:121,0
DA:122,0
DA:124,0
DA:128,0
DA:157,0
DA:158,0
DA:167,0
DA:169,0
DA:170,0
DA:180,0
DA:207,0
DA:250,0
DA:390,0
LF:64
LH:0
BRDA:111,0,0,0
BRDA:111,0,1,0
BRDA:113,1,0,0
BRDA:113,1,1,0
BRDA:114,2,0,0
BRDA:114,2,1,0
BRDA:126,3,0,0
BRDA:126,3,1,0
BRDA:145,4,0,0
BRDA:145,4,1,0
BRDA:169,5,0,0
BRDA:188,6,0,0
BRDA:188,6,1,0
BRDA:206,7,0,0
BRDA:206,7,1,0
BRDA:213,8,0,0
BRDA:213,8,1,0
BRDA:216,9,0,0
BRDA:216,9,1,0
BRDA:240,10,0,0
BRDA:240,10,1,0
BRF:21
BRH:0
end_of_record
TN:
SF:src\screens\ProfileScreen.tsx
FN:46,(anonymous_10)
FN:57,(anonymous_11)
FN:65,(anonymous_12)
FN:66,(anonymous_13)
FN:85,(anonymous_14)
FN:86,(anonymous_15)
FN:125,(anonymous_16)
FN:161,(anonymous_17)
FN:189,(anonymous_18)
FN:240,(anonymous_19)
FN:258,(anonymous_20)
FN:263,(anonymous_21)
FN:271,(anonymous_22)
FN:392,(anonymous_23)
FN:450,(anonymous_24)
FN:456,(anonymous_25)
FN:463,(anonymous_26)
FN:481,(anonymous_27)
FNF:18
FNH:0
FNDA:0,(anonymous_10)
FNDA:0,(anonymous_11)
FNDA:0,(anonymous_12)
FNDA:0,(anonymous_13)
FNDA:0,(anonymous_14)
FNDA:0,(anonymous_15)
FNDA:0,(anonymous_16)
FNDA:0,(anonymous_17)
FNDA:0,(anonymous_18)
FNDA:0,(anonymous_19)
FNDA:0,(anonymous_20)
FNDA:0,(anonymous_21)
FNDA:0,(anonymous_22)
FNDA:0,(anonymous_23)
FNDA:0,(anonymous_24)
FNDA:0,(anonymous_25)
FNDA:0,(anonymous_26)
FNDA:0,(anonymous_27)
DA:2,0
DA:3,0
DA:17,0
DA:20,0
DA:25,0
DA:26,0
DA:27,0
DA:31,0
DA:46,0
DA:47,0
DA:48,0
DA:49,0
DA:50,0
DA:51,0
DA:52,0
DA:53,0
DA:54,0
DA:55,0
DA:57,0
DA:58,0
DA:59,0
DA:60,0
DA:61,0
DA:65,0
DA:66,0
DA:67,0
DA:68,0
DA:69,0
DA:70,0
DA:71,0
DA:76,0
DA:80,0
DA:84,0
DA:86,0
DA:87,0
DA:89,0
DA:90,0
DA:91,0
DA:92,0
DA:96,0
DA:97,0
DA:98,0
DA:109,0
DA:110,0
DA:111,0
DA:121,0
DA:125,0
DA:126,0
DA:127,0
DA:131,0
DA:133,0
DA:135,0
DA:136,0
DA:137,0
DA:141,0
DA:144,0
DA:151,0
DA:152,0
DA:154,0
DA:157,0
DA:161,0
DA:162,0
DA:163,0
DA:167,0
DA:169,0
DA:171,0
DA:174,0
DA:175,0
DA:179,0
DA:180,0
DA:183,0
DA:185,0
DA:189,0
DA:190,0
DA:191,0
DA:192,0
DA:195,0
DA:196,0
DA:198,0
DA:199,0
DA:210,0
DA:213,0
DA:215,0
DA:219,0
DA:230,0
DA:231,0
DA:232,0
DA:234,0
DA:236,0
DA:240,0
DA:241,0
DA:242,0
DA:243,0
DA:244,0
DA:245,0
DA:246,0
DA:247,0
DA:249,0
DA:254,0
DA:258,0
DA:259,0
DA:260,0
DA:263,0
DA:264,0
DA:265,0
DA:267,0
DA:268,0
DA:271,0
DA:272,0
DA:275,0
DA:276,0
DA:283,0
DA:392,0
DA:450,0
DA:457,0
DA:464,0
DA:465,0
DA:481,0
DA:493,0
DA:766,0
LF:120
LH:0
BRDA:58,0,0,0
BRDA:58,0,1,0
BRDA:59,1,0,0
BRDA:59,1,1,0
BRDA:60,2,0,0
BRDA:60,2,1,0
BRDA:61,3,0,0
BRDA:61,3,1,0
BRDA:69,4,0,0
BRDA:90,5,0,0
BRDA:99,6,0,0
BRDA:99,6,1,0
BRDA:99,6,2,0
BRDA:100,7,0,0
BRDA:100,7,1,0
BRDA:100,7,2,0
BRDA:101,8,0,0
BRDA:101,8,1,0
BRDA:101,8,2,0
BRDA:102,9,0,0
BRDA:102,9,1,0
BRDA:102,9,2,0
BRDA:103,10,0,0
BRDA:103,10,1,0
BRDA:103,10,2,0
BRDA:104,11,0,0
BRDA:104,11,1,0
BRDA:104,11,2,0
BRDA:105,12,0,0
BRDA:105,12,1,0
BRDA:126,13,0,0
BRDA:136,14,0,0
BRDA:151,15,0,0
BRDA:151,16,0,0
BRDA:151,16,1,0
BRDA:151,16,2,0
BRDA:162,17,0,0
BRDA:174,18,0,0
BRDA:190,19,0,0
BRDA:201,20,0,0
BRDA:201,20,1,0
BRDA:202,21,0,0
BRDA:202,21,1,0
BRDA:204,22,0,0
BRDA:204,22,1,0
BRDA:206,23,0,0
BRDA:206,23,1,0
BRDA:215,24,0,0
BRDA:215,24,1,0
BRDA:215,25,0,0
BRDA:215,25,1,0
BRDA:215,25,2,0
BRDA:259,26,0,0
BRDA:264,27,0,0
BRDA:275,28,0,0
BRDA:293,29,0,0
BRDA:293,29,1,0
BRDA:298,30,0,0
BRDA:298,30,1,0
BRDA:303,31,0,0
BRDA:303,31,1,0
BRDA:312,32,0,0
BRDA:312,32,1,0
BRDA:327,33,0,0
BRDA:327,33,1,0
BRDA:332,34,0,0
BRDA:332,34,1,0
BRDA:338,35,0,0
BRDA:338,35,1,0
BRDA:361,36,0,0
BRDA:361,36,1,0
BRDA:361,36,2,0
BRDA:368,37,0,0
BRDA:368,37,1,0
BRDA:381,38,0,0
BRDA:381,38,1,0
BRDA:389,39,0,0
BRDA:389,39,1,0
BRDA:406,40,0,0
BRDA:406,40,1,0
BRDA:419,41,0,0
BRDA:419,41,1,0
BRDA:461,42,0,0
BRDA:461,42,1,0
BRDA:471,43,0,0
BRDA:471,43,1,0
BRF:86
BRH:0
end_of_record
TN:
SF:src\screens\RegisterScreen.tsx
FN:20,(anonymous_9)
FN:27,(anonymous_10)
FN:88,(anonymous_11)
FNF:3
FNH:0
FNDA:0,(anonymous_9)
FNDA:0,(anonymous_10)
FNDA:0,(anonymous_11)
DA:2,0
DA:3,0
DA:15,0
DA:16,0
DA:20,0
DA:21,0
DA:22,0
DA:23,0
DA:24,0
DA:25,0
DA:27,0
DA:28,0
DA:34,0
DA:35,0
DA:38,0
DA:39,0
DA:40,0
DA:43,0
DA:44,0
DA:45,0
DA:48,0
DA:49,0
DA:51,0
DA:58,0
DA:59,0
DA:60,0
DA:64,0
DA:74,0
DA:75,0
DA:78,0
DA:79,0
DA:84,0
DA:88,0
DA:90,0
DA:93,0
DA:178,0
DA:252,0
LF:37
LH:0
BRDA:28,0,0,0
BRDA:29,1,0,0
BRDA:29,1,1,0
BRDA:29,1,2,0
BRDA:29,1,3,0
BRDA:38,2,0,0
BRDA:43,3,0,0
BRDA:59,4,0,0
BRDA:65,5,0,0
BRDA:65,5,1,0
BRDA:69,6,0,0
BRDA:69,6,1,0
BRDA:78,7,0,0
BRDA:78,7,1,0
BRDA:78,7,2,0
BRDA:78,8,0,0
BRDA:78,8,1,0
BRDA:154,9,0,0
BRDA:154,9,1,0
BRDA:160,10,0,0
BRDA:160,10,1,0
BRF:21
BRH:0
end_of_record
TN:
SF:src\screens\ResetPasswordConfirmScreen.tsx
FN:19,(anonymous_9)
FN:25,(anonymous_10)
FN:47,(anonymous_11)
FNF:3
FNH:0
FNDA:0,(anonymous_9)
FNDA:0,(anonymous_10)
FNDA:0,(anonymous_11)
DA:2,0
DA:3,0
DA:15,0
DA:19,0
DA:20,0
DA:21,0
DA:22,0
DA:23,0
DA:25,0
DA:26,0
DA:27,0
DA:28,0
DA:31,0
DA:32,0
DA:33,0
DA:36,0
DA:37,0
DA:38,0
DA:41,0
DA:42,0
DA:43,0
DA:44,0
DA:47,0
DA:51,0
DA:56,0
DA:60,0
DA:104,0
DA:160,0
LF:28
LH:0
BRDA:26,0,0,0
BRDA:26,1,0,0
BRDA:26,1,1,0
BRDA:31,2,0,0
BRDA:36,3,0,0
BRDA:53,4,0,0
BRDA:53,4,1,0
BRDA:53,4,2,0
BRDA:90,5,0,0
BRDA:90,5,1,0
BRDA:95,6,0,0
BRDA:95,6,1,0
BRF:12
BRH:0
end_of_record
TN:
SF:src\screens\ResetPasswordScreen.tsx
FN:19,(anonymous_9)
FN:23,(anonymous_10)
FNF:2
FNH:0
FNDA:0,(anonymous_9)
FNDA:0,(anonymous_10)
DA:2,0
DA:3,0
DA:15,0
DA:19,0
DA:20,0
DA:21,0
DA:23,0
DA:24,0
DA:25,0
DA:26,0
DA:29,0
DA:30,0
DA:31,0
DA:32,0
DA:36,0
DA:38,0
DA:43,0
DA:47,0
DA:81,0
DA:137,0
LF:20
LH:0
BRDA:24,0,0,0
BRDA:40,1,0,0
BRDA:40,1,1,0
BRDA:40,1,2,0
BRDA:67,2,0,0
BRDA:67,2,1,0
BRDA:72,3,0,0
BRDA:72,3,1,0
BRF:8
BRH:0
end_of_record
TN:
SF:src\screens\ScanMedicineScreen.tsx
FN:21,(anonymous_9)
FN:26,(anonymous_10)
FN:32,(anonymous_11)
FN:47,(anonymous_12)
FN:67,(anonymous_13)
FN:72,(anonymous_14)
FNF:6
FNH:0
FNDA:0,(anonymous_9)
FNDA:0,(anonymous_10)
FNDA:0,(anonymous_11)
FNDA:0,(anonymous_12)
FNDA:0,(anonymous_13)
FNDA:0,(anonymous_14)
DA:2,0
DA:3,0
DA:11,0
DA:17,0
DA:21,0
DA:22,0
DA:23,0
DA:24,0
DA:26,0
DA:27,0
DA:28,0
DA:32,0
DA:33,0
DA:34,0
DA:36,0
DA:37,0
DA:40,0
DA:41,0
DA:44,0
DA:47,0
DA:48,0
DA:50,0
DA:52,0
DA:53,0
DA:54,0
DA:55,0
DA:56,0
DA:59,0
DA:60,0
DA:61,0
DA:62,0
DA:65,0
DA:67,0
DA:68,0
DA:72,0
DA:73,0
DA:74,0
DA:77,0
DA:83,0
DA:84,0
DA:92,0
DA:93,0
DA:106,0
DA:139,0
DA:210,0
LF:45
LH:0
BRDA:27,0,0,0
BRDA:34,1,0,0
BRDA:36,2,0,0
BRDA:40,3,0,0
BRDA:41,4,0,0
BRDA:41,4,1,0
BRDA:48,5,0,0
BRDA:52,6,0,0
BRDA:52,6,1,0
BRDA:54,7,0,0
BRDA:60,8,0,0
BRDA:83,9,0,0
BRDA:92,10,0,0
BRDA:115,11,0,0
BRDA:115,11,1,0
BRDA:125,12,0,0
BRDA:125,12,1,0
BRDA:127,13,0,0
BRDA:127,13,1,0
BRF:19
BRH:0
end_of_record
TN:
SF:src\services\authService.ts
FN:23,hashPassword
FN:26,(anonymous_10)
FN:46,verifyPassword
FN:74,registerUser
FN:146,loginUser
FNF:5
FNH:5
FNDA:8,hashPassword
FNDA:64,(anonymous_10)
FNDA:9,verifyPassword
FNDA:11,registerUser
FNDA:12,loginUser
DA:2,3
DA:3,3
DA:4,3
DA:5,3
DA:25,8
DA:26,64
DA:30,8
DA:31,8
DA:37,8
DA:50,9
DA:52,9
DA:54,9
DA:55,1
DA:56,1
DA:60,8
DA:61,8
DA:67,8
DA:69,0
DA:70,0
DA:74,3
DA:80,11
DA:82,11
DA:84,11
DA:85,11
DA:88,11
DA:93,10
DA:94,2
DA:95,2
DA:96,2
DA:97,2
DA:101,8
DA:102,8
DA:105,8
DA:112,8
DA:124,8
DA:125,0
DA:128,8
DA:129,8
DA:134,8
DA:141,3
DA:142,3
DA:146,3
DA:150,12
DA:152,12
DA:154,12
DA:155,12
DA:157,12
DA:170,11
DA:171,2
DA:172,2
DA:173,2
DA:174,2
DA:177,9
DA:180,9
DA:181,9
DA:182,3
DA:183,3
DA:184,3
DA:185,3
DA:188,6
DA:193,6
DA:200,6
DA:201,6
LF:63
LH:60
BRDA:54,0,0,1
BRDA:54,1,0,9
BRDA:54,1,1,9
BRDA:93,2,0,2
BRDA:108,3,0,0
BRDA:108,3,1,8
BRDA:124,4,0,0
BRDA:170,5,0,2
BRDA:181,6,0,3
BRF:9
BRH:7
end_of_record
TN:
SF:src\services\cacheService.ts
FN:32,(anonymous_1)
FN:113,(anonymous_3)
FN:129,(anonymous_4)
FN:141,(anonymous_5)
FN:157,(anonymous_6)
FN:162,(anonymous_7)
FN:176,(anonymous_8)
FN:182,(anonymous_9)
FN:199,(anonymous_10)
FN:208,(anonymous_11)
FNF:10
FNH:0
FNDA:0,(anonymous_1)
FNDA:0,(anonymous_3)
FNDA:0,(anonymous_4)
FNDA:0,(anonymous_5)
FNDA:0,(anonymous_6)
FNDA:0,(anonymous_7)
FNDA:0,(anonymous_8)
FNDA:0,(anonymous_9)
FNDA:0,(anonymous_10)
FNDA:0,(anonymous_11)
DA:13,0
DA:14,0
DA:16,0
DA:17,0
DA:26,0
DA:27,0
DA:33,0
DA:35,0
DA:36,0
DA:37,0
DA:38,0
DA:42,0
DA:43,0
DA:45,0
DA:46,0
DA:47,0
DA:49,0
DA:50,0
DA:52,0
DA:53,0
DA:56,0
DA:57,0
DA:60,0
DA:61,0
DA:65,0
DA:66,0
DA:68,0
DA:72,0
DA:84,0
DA:85,0
DA:92,0
DA:95,0
DA:96,0
DA:98,0
DA:103,0
DA:114,0
DA:115,0
DA:116,0
DA:117,0
DA:119,0
DA:130,0
DA:132,0
DA:133,0
DA:134,0
DA:139,0
DA:140,0
DA:141,0
DA:144,0
DA:145,0
DA:147,0
DA:158,0
DA:159,0
DA:161,0
DA:162,0
DA:164,0
DA:165,0
DA:167,0
DA:180,0
DA:181,0
DA:182,0
DA:184,0
DA:189,0
DA:192,0
DA:200,0
DA:201,0
DA:202,0
DA:209,0
DA:211,0
DA:214,0
DA:215,0
DA:219,0
DA:223,0
LF:72
LH:0
BRDA:36,0,0,0
BRDA:36,1,0,0
BRDA:36,1,1,0
BRDA:45,2,0,0
BRDA:49,3,0,0
BRDA:49,3,1,0
BRDA:70,4,0,0
BRDA:70,4,1,0
BRDA:82,5,0,0
BRDA:105,6,0,0
BRDA:105,6,1,0
BRDA:121,7,0,0
BRDA:121,7,1,0
BRDA:133,8,0,0
BRDA:141,9,0,0
BRDA:141,9,1,0
BRDA:149,10,0,0
BRDA:149,10,1,0
BRDA:168,11,0,0
BRDA:168,11,1,0
BRDA:190,12,0,0
BRDA:190,12,1,0
BRDA:209,13,0,0
BRDA:214,14,0,0
BRF:24
BRH:0
end_of_record
TN:
SF:src\services\errorHandler.ts
FN:14,(anonymous_0)
FN:34,parseError
FN:101,logError
FN:121,getUserMessage
FNF:4
FNH:3
FNDA:3,(anonymous_0)
FNDA:9,parseError
FNDA:9,logError
FNDA:0,getUserMessage
DA:12,3
DA:14,3
DA:15,3
DA:16,3
DA:17,3
DA:18,3
DA:19,3
DA:20,3
DA:34,3
DA:37,9
DA:39,9
DA:43,0
DA:51,9
DA:52,0
DA:60,9
DA:64,5
DA:71,4
DA:77,0
DA:78,0
DA:82,0
DA:83,0
DA:89,0
DA:95,9
DA:101,3
DA:106,9
DA:108,9
DA:115,9
DA:121,3
DA:122,0
DA:131,0
LF:30
LH:21
BRDA:14,0,0,3
BRDA:14,0,1,3
BRDA:37,1,0,9
BRDA:37,1,1,0
BRDA:39,2,0,0
BRDA:39,2,1,9
BRDA:40,3,0,9
BRDA:40,3,1,9
BRDA:51,4,0,0
BRDA:51,4,1,9
BRDA:60,5,0,5
BRDA:60,5,1,4
BRDA:61,6,0,9
BRDA:61,6,1,7
BRDA:73,7,0,4
BRDA:73,7,1,0
BRDA:77,8,0,0
BRDA:77,8,1,0
BRDA:82,9,0,0
BRDA:82,9,1,0
BRDA:82,10,0,0
BRDA:82,10,1,0
BRDA:85,11,0,0
BRDA:85,11,1,0
BRDA:125,12,0,0
BRDA:125,12,1,0
BRF:26
BRH:12
end_of_record
TN:
SF:src\services\logger.ts
FN:10,(anonymous_0)
FN:28,(anonymous_1)
FN:32,(anonymous_2)
FN:69,(anonymous_3)
FN:73,(anonymous_4)
FN:77,(anonymous_5)
FN:81,(anonymous_6)
FN:88,(anonymous_7)
FN:95,(anonymous_8)
FN:96,(anonymous_9)
FN:102,(anonymous_10)
FN:109,(anonymous_11)
FN:112,(anonymous_12)
FNF:13
FNH:7
FNDA:3,(anonymous_0)
FNDA:62,(anonymous_1)
FNDA:62,(anonymous_2)
FNDA:8,(anonymous_3)
FNDA:37,(anonymous_4)
FNDA:7,(anonymous_5)
FNDA:10,(anonymous_6)
FNDA:0,(anonymous_7)
FNDA:0,(anonymous_8)
FNDA:0,(anonymous_9)
FNDA:0,(anonymous_10)
FNDA:0,(anonymous_11)
FNDA:0,(anonymous_12)
DA:10,3
DA:11,3
DA:12,3
DA:13,3
DA:14,3
DA:25,3
DA:26,3
DA:29,62
DA:33,62
DA:40,62
DA:43,62
DA:44,0
DA:48,62
DA:49,62
DA:50,62
DA:52,62
DA:54,8
DA:55,8
DA:57,37
DA:58,37
DA:60,7
DA:61,7
DA:63,10
DA:64,10
DA:70,8
DA:74,37
DA:78,7
DA:82,10
DA:89,0
DA:96,0
DA:103,0
DA:110,0
DA:113,0
DA:121,3
LF:34
LH:28
BRDA:10,0,0,3
BRDA:10,0,1,3
BRDA:43,1,0,0
BRDA:48,2,0,62
BRDA:50,3,0,54
BRDA:50,3,1,8
BRDA:52,4,0,8
BRDA:52,4,1,37
BRDA:52,4,2,7
BRDA:52,4,3,10
BRDA:114,5,0,0
BRDA:114,5,1,0
BRF:12
BRH:9
end_of_record
TN:
SF:src\services\medicineAdapter.ts
FN:39,serverToLocal
FN:58,serverArrayToLocal
FN:65,localToServer
FNF:3
FNH:0
FNDA:0,serverToLocal
FNDA:0,serverArrayToLocal
FNDA:0,localToServer
DA:39,0
DA:40,0
DA:58,0
DA:59,0
DA:65,0
DA:66,0
LF:6
LH:0
BRF:0
BRH:0
end_of_record
TN:
SF:src\services\secureStorage.ts
FN:26,(anonymous_10)
FN:41,(anonymous_11)
FN:59,(anonymous_12)
FN:73,(anonymous_13)
FN:91,(anonymous_14)
FN:107,(anonymous_15)
FN:122,(anonymous_16)
FN:137,(anonymous_17)
FNF:8
FNH:0
FNDA:0,(anonymous_10)
FNDA:0,(anonymous_11)
FNDA:0,(anonymous_12)
FNDA:0,(anonymous_13)
FNDA:0,(anonymous_14)
FNDA:0,(anonymous_15)
FNDA:0,(anonymous_16)
FNDA:0,(anonymous_17)
DA:15,0
DA:16,0
DA:17,0
DA:19,0
DA:20,0
DA:27,0
DA:28,0
DA:29,0
DA:31,0
DA:34,0
DA:42,0
DA:43,0
DA:44,0
DA:45,0
DA:47,0
DA:49,0
DA:52,0
DA:60,0
DA:61,0
DA:62,0
DA:64,0
DA:74,0
DA:75,0
DA:76,0
DA:77,0
DA:79,0
DA:81,0
DA:84,0
DA:92,0
DA:93,0
DA:94,0
DA:96,0
DA:100,0
DA:108,0
DA:109,0
DA:111,0
DA:115,0
DA:123,0
DA:124,0
DA:125,0
DA:127,0
DA:138,0
DA:139,0
DA:140,0
DA:142,0
DA:149,0
LF:46
LH:0
BRDA:32,0,0,0
BRDA:32,0,1,0
BRDA:44,1,0,0
BRDA:47,2,0,0
BRDA:47,2,1,0
BRDA:50,3,0,0
BRDA:50,3,1,0
BRDA:65,4,0,0
BRDA:65,4,1,0
BRDA:76,5,0,0
BRDA:82,6,0,0
BRDA:82,6,1,0
BRDA:98,7,0,0
BRDA:98,7,1,0
BRDA:113,8,0,0
BRDA:113,8,1,0
BRDA:129,9,0,0
BRDA:129,9,1,0
BRDA:143,10,0,0
BRDA:143,10,1,0
BRF:20
BRH:0
end_of_record
TN:
SF:src\services\sentryService.ts
FN:29,initSentry
FN:43,(anonymous_1)
FN:61,captureError
FN:83,captureMessage
FN:110,setSentryUser
FN:129,clearSentryUser
FN:147,startPerformanceTransaction
FNF:7
FNH:0
FNDA:0,initSentry
FNDA:0,(anonymous_1)
FNDA:0,captureError
FNDA:0,captureMessage
FNDA:0,setSentryUser
FNDA:0,clearSentryUser
FNDA:0,startPerformanceTransaction
DA:12,0
DA:15,0
DA:16,0
DA:18,0
DA:20,0
DA:23,0
DA:29,0
DA:30,0
DA:31,0
DA:32,0
DA:35,0
DA:36,0
DA:37,0
DA:40,0
DA:44,0
DA:45,0
DA:47,0
DA:52,0
DA:61,0
DA:65,0
DA:66,0
DA:67,0
DA:70,0
DA:71,0
DA:72,0
DA:74,0
DA:83,0
DA:88,0
DA:89,0
DA:90,0
DA:93,0
DA:94,0
DA:95,0
DA:96,0
DA:98,0
DA:100,0
DA:110,0
DA:111,0
DA:112,0
DA:115,0
DA:116,0
DA:117,0
DA:119,0
DA:129,0
DA:130,0
DA:131,0
DA:134,0
DA:135,0
DA:136,0
DA:138,0
DA:147,0
DA:148,0
DA:149,0
DA:152,0
DA:153,0
DA:155,0
DA:158,0
LF:57
LH:0
BRDA:23,0,0,0
BRDA:23,0,1,0
BRDA:30,1,0,0
BRDA:35,2,0,0
BRDA:42,3,0,0
BRDA:42,3,1,0
BRDA:44,4,0,0
BRDA:47,5,0,0
BRDA:47,5,1,0
BRDA:49,6,0,0
BRDA:49,6,1,0
BRDA:53,7,0,0
BRDA:53,7,1,0
BRDA:65,8,0,0
BRDA:75,9,0,0
BRDA:75,9,1,0
BRDA:85,10,0,0
BRDA:88,11,0,0
BRDA:95,12,0,0
BRDA:101,13,0,0
BRDA:101,13,1,0
BRDA:111,14,0,0
BRDA:120,15,0,0
BRDA:120,15,1,0
BRDA:130,16,0,0
BRDA:139,17,0,0
BRDA:139,17,1,0
BRDA:148,18,0,0
BRDA:156,19,0,0
BRDA:156,19,1,0
BRF:30
BRH:0
end_of_record
TN:
SF:src\services\tokenService.ts
FN:37,decodeToken
FN:60,isTokenExpired
FN:77,(anonymous_3)
FN:118,(anonymous_4)
FN:147,(anonymous_5)
FN:161,(anonymous_6)
FN:179,(anonymous_7)
FN:198,(anonymous_8)
FNF:8
FNH:0
FNDA:0,decodeToken
FNDA:0,isTokenExpired
FNDA:0,(anonymous_3)
FNDA:0,(anonymous_4)
FNDA:0,(anonymous_5)
FNDA:0,(anonymous_6)
FNDA:0,(anonymous_7)
FNDA:0,(anonymous_8)
DA:11,0
DA:12,0
DA:14,0
DA:15,0
DA:16,0
DA:38,0
DA:39,0
DA:40,0
DA:41,0
DA:44,0
DA:48,0
DA:50,0
DA:53,0
DA:61,0
DA:62,0
DA:63,0
DA:66,0
DA:67,0
DA:70,0
DA:78,0
DA:80,0
DA:82,0
DA:84,0
DA:89,0
DA:90,0
DA:93,0
DA:99,0
DA:101,0
DA:102,0
DA:105,0
DA:108,0
DA:111,0
DA:119,0
DA:120,0
DA:122,0
DA:123,0
DA:128,0
DA:129,0
DA:130,0
DA:131,0
DA:132,0
DA:135,0
DA:137,0
DA:140,0
DA:148,0
DA:149,0
DA:151,0
DA:154,0
DA:162,0
DA:163,0
DA:168,0
DA:170,0
DA:180,0
DA:181,0
DA:182,0
DA:186,0
DA:187,0
DA:188,0
DA:192,0
DA:199,0
DA:203,0
LF:61
LH:0
BRDA:40,0,0,0
BRDA:51,1,0,0
BRDA:51,1,1,0
BRDA:62,2,0,0
BRDA:62,3,0,0
BRDA:62,3,1,0
BRDA:82,4,0,0
BRDA:82,4,1,0
BRDA:89,5,0,0
BRDA:101,6,0,0
BRDA:109,7,0,0
BRDA:109,7,1,0
BRDA:122,8,0,0
BRDA:129,9,0,0
BRDA:129,10,0,0
BRDA:129,10,1,0
BRDA:138,11,0,0
BRDA:138,11,1,0
BRDA:152,12,0,0
BRDA:152,12,1,0
BRDA:171,13,0,0
BRDA:171,13,1,0
BRDA:181,14,0,0
BRDA:187,15,0,0
BRF:24
BRH:0
end_of_record
TN:
SF:src\storage\authStorage.ts
FN:14,(anonymous_1)
FN:23,(anonymous_2)
FN:34,(anonymous_3)
FNF:3
FNH:3
FNDA:6,(anonymous_1)
FNDA:6,(anonymous_2)
FNDA:2,(anonymous_3)
DA:2,3
DA:14,3
DA:15,6
DA:16,6
DA:23,3
DA:24,6
DA:25,6
DA:26,6
DA:29,0
DA:34,3
DA:35,2
DA:36,2
LF:12
LH:11
BRDA:26,0,0,3
BRDA:26,0,1,3
BRF:2
BRH:2
end_of_record
TN:
SF:src\storage\userStorage.ts
FN:27,generateEmployeeId
FN:34,(anonymous_2)
FN:53,saveUserProfile
FN:65,loadUserProfile
FN:83,addIssuedRecord
FN:97,getIssuedHistory
FN:107,clearUserProfile
FNF:7
FNH:7
FNDA:5,generateEmployeeId
FNDA:15,(anonymous_2)
FNDA:7,saveUserProfile
FNDA:15,loadUserProfile
FNDA:1,addIssuedRecord
FNDA:2,getIssuedHistory
FNDA:1,clearUserProfile
DA:2,1
DA:24,1
DA:28,5
DA:34,1
DA:38,15
DA:53,1
DA:56,7
DA:57,7
DA:58,7
DA:59,7
DA:65,1
DA:66,15
DA:67,15
DA:68,15
DA:70,8
DA:71,8
DA:79,0
DA:83,1
DA:86,1
DA:87,1
DA:88,1
DA:90,1
DA:91,1
DA:97,1
DA:98,2
DA:99,2
DA:100,2
DA:103,0
DA:107,1
DA:108,1
DA:109,1
LF:31
LH:29
BRDA:39,0,0,15
BRDA:39,0,1,0
BRDA:39,0,2,0
BRDA:40,1,0,15
BRDA:40,1,1,4
BRDA:40,1,2,3
BRDA:41,2,0,15
BRDA:41,2,1,15
BRDA:41,2,2,15
BRDA:42,3,0,15
BRDA:42,3,1,4
BRDA:42,3,2,3
BRDA:44,4,0,15
BRDA:44,4,1,6
BRDA:44,4,2,5
BRDA:45,5,0,15
BRDA:45,5,1,4
BRDA:45,5,2,3
BRDA:47,6,0,15
BRDA:47,6,1,6
BRDA:47,6,2,5
BRDA:68,7,0,7
BRDA:73,8,0,8
BRDA:73,8,1,0
BRDA:88,9,0,0
BRDA:90,10,0,1
BRDA:90,10,1,0
BRDA:100,11,0,2
BRDA:100,11,1,1
BRF:29
BRH:24
end_of_record
